2026-02-23 18:29:42 - asterisk_monitor - INFO - Asterisk Monitor inicializado
2026-02-23 18:30:57 - asterisk_monitor - INFO - Asterisk Monitor inicializado
2026-02-23 18:36:44 - asterisk_monitor - INFO - Asterisk Monitor inicializado
2026-02-23 18:43:37 - asterisk_monitor - ERROR - Timeout ejecutando comando 'core show uptime'
2026-02-23 18:43:47 - asterisk_monitor - ERROR - Timeout ejecutando comando 'core show version'
2026-02-23 18:53:52 - asterisk_monitor - INFO - Asterisk Monitor inicializado
2026-02-23 18:58:01 - asterisk_monitor - INFO - Asterisk Monitor inicializado
2026-02-23 18:58:30 - asterisk_monitor - ERROR - Timeout ejecutando comando 'core show uptime'
2026-02-23 19:16:22 - asterisk_monitor - INFO - Asterisk Monitor inicializado
2026-02-23 19:23:03 - asterisk_monitor - INFO - Asterisk Monitor inicializado
2026-02-23 19:23:23 - asterisk_monitor - ERROR - Timeout ejecutando comando 'core show uptime'
2026-02-23 19:23:33 - asterisk_monitor - ERROR - Timeout ejecutando comando 'core show version'
2026-02-23 19:23:43 - asterisk_monitor - ERROR - Timeout ejecutando comando 'pjsip show endpoints'
2026-02-23 19:23:53 - asterisk_monitor - ERROR - Timeout ejecutando comando 'core show channels concise'
2026-02-23 19:24:03 - asterisk_monitor - ERROR - Timeout ejecutando comando 'pjsip show registrations'
2026-02-23 19:47:09 - asterisk_monitor - ERROR - Error recopilando datos de Asterisk: 'AsteriskMonitor' object has no attribute '_check_asterisk_status'
2026-02-23 19:47:46 - asterisk_monitor - ERROR - Error recopilando datos de Asterisk: 'AsteriskMonitor' object has no attribute '_check_asterisk_status'
2026-02-23 19:48:19 - asterisk_monitor - ERROR - Error recopilando datos de Asterisk: 'AsteriskMonitor' object has no attribute '_check_asterisk_status'
2026-02-23 19:48:50 - asterisk_monitor - ERROR - Error recopilando datos de Asterisk: 'AsteriskMonitor' object has no attribute '_check_asterisk_status'
2026-02-23 19:49:20 - asterisk_monitor - ERROR - Error recopilando datos de Asterisk: 'AsteriskMonitor' object has no attribute '_check_asterisk_status'
2026-02-23 19:49:50 - asterisk_monitor - ERROR - Error recopilando datos de Asterisk: 'AsteriskMonitor' object has no attribute '_check_asterisk_status'
2026-02-23 19:50:20 - asterisk_monitor - ERROR - Error recopilando datos de Asterisk: 'AsteriskMonitor' object has no attribute '_check_asterisk_status'
2026-02-23 19:50:50 - asterisk_monitor - ERROR - Error recopilando datos de Asterisk: 'AsteriskMonitor' object has no attribute '_check_asterisk_status'
2026-02-23 19:51:20 - asterisk_monitor - ERROR - Error recopilando datos de Asterisk: 'AsteriskMonitor' object has no attribute '_check_asterisk_status'
2026-02-23 19:52:00 - asterisk_monitor - ERROR - Error recopilando datos de Asterisk: 'AsteriskMonitor' object has no attribute '_check_asterisk_status'
2026-02-23 19:52:58 - asterisk_monitor - ERROR - Error recopilando datos de Asterisk: 'AsteriskMonitor' object has no attribute '_check_asterisk_status'
2026-02-23 19:53:29 - asterisk_monitor - ERROR - Error recopilando datos de Asterisk: 'AsteriskMonitor' object has no attribute '_check_asterisk_status'
2026-02-23 19:53:59 - asterisk_monitor - ERROR - Error recopilando datos de Asterisk: 'AsteriskMonitor' object has no attribute '_check_asterisk_status'
2026-02-23 19:54:29 - asterisk_monitor - ERROR - Error recopilando datos de Asterisk: 'AsteriskMonitor' object has no attribute '_check_asterisk_status'
2026-02-23 19:55:00 - asterisk_monitor - ERROR - Error recopilando datos de Asterisk: 'AsteriskMonitor' object has no attribute '_check_asterisk_status'
2026-02-23 19:55:30 - asterisk_monitor - ERROR - Error recopilando datos de Asterisk: 'AsteriskMonitor' object has no attribute '_check_asterisk_status'
2026-02-23 19:56:01 - asterisk_monitor - ERROR - Error recopilando datos de Asterisk: 'AsteriskMonitor' object has no attribute '_check_asterisk_status'
