2026-02-20 18:35:37 - agent_manager - ERROR - Error cargando agentes: Expecting value: line 9 column 23 (char 216)
2026-02-20 18:35:58 - agent_manager - ERROR - Error cargando agentes: Expecting value: line 9 column 23 (char 216)
2026-02-20 18:38:30 - web_server - ERROR - Error verificando componentes: 'ExtensionManager' object has no attribute 'get_stats'
2026-02-23 15:20:00 - web_server - ERROR - Error en dashboard: 'agent_stats' is undefined
2026-02-23 15:20:00 - web_server - ERROR - Error asignando extensión a agent_60379875: 'AgentManager' object has no attribute 'assign_extension'
2026-02-23 15:20:00 - web_server - ERROR - Error en dashboard: 'agent_stats' is undefined
2026-02-23 15:29:36 - web_server - ERROR - Error en dashboard: 'campaigns' is undefined
2026-02-23 15:29:36 - web_server - ERROR - Error en dashboard: 'campaigns' is undefined
2026-02-23 15:31:58 - web_server - ERROR - Error en dashboard: 'campaigns' is undefined
2026-02-23 15:31:58 - web_server - ERROR - Error en dashboard: 'campaigns' is undefined
2026-02-23 15:33:19 - web_server - ERROR - Error en dashboard: 'campaigns' is undefined
2026-02-23 15:33:19 - web_server - ERROR - Error en dashboard: 'campaigns' is undefined
2026-02-23 15:39:47 - web_server - ERROR - Error en dashboard: 'campaigns' is undefined
2026-02-23 15:39:47 - web_server - ERROR - Error en dashboard: 'campaigns' is undefined
2026-02-23 15:39:47 - web_server - ERROR - Error en página de campañas: 'campaigns' is undefined
2026-02-23 15:40:22 - web_server - ERROR - Error en dashboard: 'campaigns' is undefined
2026-02-23 15:42:43 - web_server - ERROR - Error en dashboard: 'campaigns' is undefined
2026-02-23 16:29:30 - web_server - ERROR - Error en página de campañas: 'dict object' has no attribute 'numbers_count'
2026-02-23 17:36:54 - softphone_monitor - ERROR - Timeout ejecutando comando Asterisk
2026-02-23 17:46:16 - web_server - ERROR - Error obteniendo proveedor stats: 
2026-02-23 17:46:23 - web_server - ERROR - Error obteniendo proveedor asterisk-config: 
2026-02-23 17:46:51 - web_server - ERROR - Error obteniendo proveedor stats: 
2026-02-23 18:36:55 - web_server - ERROR - Error obteniendo proveedor stats: 
2026-02-23 18:43:37 - asterisk_monitor - ERROR - Timeout ejecutando comando 'core show uptime'
2026-02-23 18:43:47 - asterisk_monitor - ERROR - Timeout ejecutando comando 'core show version'
2026-02-23 18:54:15 - web_server - ERROR - Error obteniendo proveedor stats: 
2026-02-23 18:58:30 - asterisk_monitor - ERROR - Timeout ejecutando comando 'core show uptime'
2026-02-23 18:59:35 - web_server - ERROR - Error obteniendo proveedor stats: 
2026-02-23 19:16:34 - web_server - ERROR - Error en dashboard: 'AsteriskMonitor' object has no attribute 'get_realtime_data'
2026-02-23 19:16:44 - softphone_auto_register - ERROR - Timeout ejecutando comando Asterisk
2026-02-23 19:16:49 - web_server - ERROR - Error en dashboard: 'AsteriskMonitor' object has no attribute 'get_realtime_data'
2026-02-23 19:17:12 - web_server - ERROR - Error en dashboard: 'AsteriskMonitor' object has no attribute 'get_realtime_data'
2026-02-23 19:17:20 - web_server - ERROR - Error en dashboard: 'AsteriskMonitor' object has no attribute 'get_realtime_data'
2026-02-23 19:23:23 - asterisk_monitor - ERROR - Timeout ejecutando comando 'core show uptime'
2026-02-23 19:23:33 - asterisk_monitor - ERROR - Timeout ejecutando comando 'core show version'
2026-02-23 19:23:43 - asterisk_monitor - ERROR - Timeout ejecutando comando 'pjsip show endpoints'
2026-02-23 19:23:53 - asterisk_monitor - ERROR - Timeout ejecutando comando 'core show channels concise'
2026-02-23 19:24:03 - asterisk_monitor - ERROR - Timeout ejecutando comando 'pjsip show registrations'
2026-02-23 19:25:05 - web_server - ERROR - Error obteniendo estado en tiempo real: 'AsteriskMonitor' object has no attribute 'get_realtime_data'
2026-02-23 19:25:47 - web_server - ERROR - Error obteniendo estado en tiempo real: 'AsteriskMonitor' object has no attribute 'get_realtime_data'
2026-02-23 19:29:08 - web_server - ERROR - Error obteniendo datos en tiempo real: 'AsteriskMonitor' object has no attribute 'get_realtime_dashboard_data'
2026-02-23 19:29:18 - web_server - ERROR - Error obteniendo datos en tiempo real: 'AsteriskMonitor' object has no attribute 'get_realtime_dashboard_data'
2026-02-23 19:29:28 - web_server - ERROR - Error obteniendo datos en tiempo real: 'AsteriskMonitor' object has no attribute 'get_realtime_dashboard_data'
2026-02-23 19:29:44 - web_server - ERROR - Error obteniendo datos en tiempo real: 'AsteriskMonitor' object has no attribute 'get_realtime_dashboard_data'
2026-02-23 19:29:44 - web_server - ERROR - Error obteniendo datos en tiempo real: 'AsteriskMonitor' object has no attribute 'get_realtime_dashboard_data'
2026-02-23 19:29:50 - web_server - ERROR - Error obteniendo datos en tiempo real: 'AsteriskMonitor' object has no attribute 'get_realtime_dashboard_data'
2026-02-23 19:30:00 - web_server - ERROR - Error obteniendo datos en tiempo real: 'AsteriskMonitor' object has no attribute 'get_realtime_dashboard_data'
2026-02-23 19:30:10 - web_server - ERROR - Error obteniendo datos en tiempo real: 'AsteriskMonitor' object has no attribute 'get_realtime_dashboard_data'
2026-02-23 19:30:20 - web_server - ERROR - Error obteniendo datos en tiempo real: 'AsteriskMonitor' object has no attribute 'get_realtime_dashboard_data'
2026-02-23 19:30:27 - web_server - ERROR - Error obteniendo extensiones en tiempo real: 'AsteriskMonitor' object has no attribute 'get_extensions_status'
2026-02-23 19:30:27 - web_server - ERROR - Error obteniendo llamadas activas: 'AsteriskMonitor' object has no attribute 'get_active_calls'
2026-02-23 19:30:30 - web_server - ERROR - Error obteniendo datos en tiempo real: 'AsteriskMonitor' object has no attribute 'get_realtime_dashboard_data'
2026-02-23 19:35:32 - web_server - ERROR - Error obteniendo datos en tiempo real: 'AsteriskMonitor' object has no attribute 'get_realtime_dashboard_data'
2026-02-23 19:35:37 - web_server - ERROR - Error obteniendo datos en tiempo real: 'AsteriskMonitor' object has no attribute 'get_realtime_dashboard_data'
2026-02-23 19:35:47 - web_server - ERROR - Error obteniendo datos en tiempo real: 'AsteriskMonitor' object has no attribute 'get_realtime_dashboard_data'
2026-02-23 19:35:56 - web_server - ERROR - Error obteniendo datos en tiempo real: 'AsteriskMonitor' object has no attribute 'get_realtime_dashboard_data'
2026-02-23 19:35:57 - web_server - ERROR - Error obteniendo datos en tiempo real: 'AsteriskMonitor' object has no attribute 'get_realtime_dashboard_data'
2026-02-23 19:36:07 - web_server - ERROR - Error obteniendo datos en tiempo real: 'AsteriskMonitor' object has no attribute 'get_realtime_dashboard_data'
2026-02-23 19:36:17 - web_server - ERROR - Error obteniendo datos en tiempo real: 'AsteriskMonitor' object has no attribute 'get_realtime_dashboard_data'
2026-02-23 19:36:27 - web_server - ERROR - Error obteniendo datos en tiempo real: 'AsteriskMonitor' object has no attribute 'get_realtime_dashboard_data'
2026-02-23 19:36:38 - web_server - ERROR - Error obteniendo datos en tiempo real: 'AsteriskMonitor' object has no attribute 'get_realtime_dashboard_data'
2026-02-23 19:36:48 - web_server - ERROR - Error obteniendo datos en tiempo real: 'AsteriskMonitor' object has no attribute 'get_realtime_dashboard_data'
2026-02-23 19:36:58 - web_server - ERROR - Error obteniendo datos en tiempo real: 'AsteriskMonitor' object has no attribute 'get_realtime_dashboard_data'
2026-02-23 19:47:09 - asterisk_monitor - ERROR - Error recopilando datos de Asterisk: 'AsteriskMonitor' object has no attribute '_check_asterisk_status'
2026-02-23 19:47:46 - asterisk_monitor - ERROR - Error recopilando datos de Asterisk: 'AsteriskMonitor' object has no attribute '_check_asterisk_status'
2026-02-23 19:47:56 - softphone_auto_register - ERROR - Timeout ejecutando comando Asterisk
2026-02-23 19:48:16 - softphone_auto_register - ERROR - Timeout ejecutando comando Asterisk
2026-02-23 19:48:19 - asterisk_monitor - ERROR - Error recopilando datos de Asterisk: 'AsteriskMonitor' object has no attribute '_check_asterisk_status'
2026-02-23 19:48:36 - softphone_auto_register - ERROR - Timeout ejecutando comando Asterisk
2026-02-23 19:48:50 - asterisk_monitor - ERROR - Error recopilando datos de Asterisk: 'AsteriskMonitor' object has no attribute '_check_asterisk_status'
2026-02-23 19:48:56 - softphone_auto_register - ERROR - Timeout ejecutando comando Asterisk
2026-02-23 19:49:16 - softphone_auto_register - ERROR - Timeout ejecutando comando Asterisk
2026-02-23 19:49:20 - asterisk_monitor - ERROR - Error recopilando datos de Asterisk: 'AsteriskMonitor' object has no attribute '_check_asterisk_status'
2026-02-23 19:49:36 - softphone_auto_register - ERROR - Timeout ejecutando comando Asterisk
2026-02-23 19:49:50 - asterisk_monitor - ERROR - Error recopilando datos de Asterisk: 'AsteriskMonitor' object has no attribute '_check_asterisk_status'
2026-02-23 19:49:56 - softphone_auto_register - ERROR - Timeout ejecutando comando Asterisk
2026-02-23 19:50:16 - softphone_auto_register - ERROR - Timeout ejecutando comando Asterisk
2026-02-23 19:50:20 - asterisk_monitor - ERROR - Error recopilando datos de Asterisk: 'AsteriskMonitor' object has no attribute '_check_asterisk_status'
2026-02-23 19:50:36 - softphone_auto_register - ERROR - Timeout ejecutando comando Asterisk
2026-02-23 19:50:50 - asterisk_monitor - ERROR - Error recopilando datos de Asterisk: 'AsteriskMonitor' object has no attribute '_check_asterisk_status'
2026-02-23 19:50:56 - softphone_auto_register - ERROR - Timeout ejecutando comando Asterisk
2026-02-23 19:51:16 - softphone_auto_register - ERROR - Timeout ejecutando comando Asterisk
2026-02-23 19:51:20 - asterisk_monitor - ERROR - Error recopilando datos de Asterisk: 'AsteriskMonitor' object has no attribute '_check_asterisk_status'
2026-02-23 19:51:36 - softphone_auto_register - ERROR - Timeout ejecutando comando Asterisk
2026-02-23 19:51:56 - softphone_auto_register - ERROR - Timeout ejecutando comando Asterisk
2026-02-23 19:52:00 - asterisk_monitor - ERROR - Error recopilando datos de Asterisk: 'AsteriskMonitor' object has no attribute '_check_asterisk_status'
2026-02-23 19:52:16 - softphone_auto_register - ERROR - Timeout ejecutando comando Asterisk
2026-02-23 19:52:58 - asterisk_monitor - ERROR - Error recopilando datos de Asterisk: 'AsteriskMonitor' object has no attribute '_check_asterisk_status'
2026-02-23 19:53:29 - asterisk_monitor - ERROR - Error recopilando datos de Asterisk: 'AsteriskMonitor' object has no attribute '_check_asterisk_status'
2026-02-23 19:53:33 - softphone_auto_register - ERROR - Timeout ejecutando comando Asterisk
2026-02-23 19:53:53 - softphone_auto_register - ERROR - Timeout ejecutando comando Asterisk
2026-02-23 19:53:59 - asterisk_monitor - ERROR - Error recopilando datos de Asterisk: 'AsteriskMonitor' object has no attribute '_check_asterisk_status'
2026-02-23 19:54:13 - softphone_auto_register - ERROR - Timeout ejecutando comando Asterisk
2026-02-23 19:54:29 - asterisk_monitor - ERROR - Error recopilando datos de Asterisk: 'AsteriskMonitor' object has no attribute '_check_asterisk_status'
2026-02-23 19:54:33 - softphone_auto_register - ERROR - Timeout ejecutando comando Asterisk
2026-02-23 19:54:53 - softphone_auto_register - ERROR - Timeout ejecutando comando Asterisk
2026-02-23 19:55:00 - asterisk_monitor - ERROR - Error recopilando datos de Asterisk: 'AsteriskMonitor' object has no attribute '_check_asterisk_status'
2026-02-23 19:55:13 - softphone_auto_register - ERROR - Timeout ejecutando comando Asterisk
2026-02-23 19:55:30 - asterisk_monitor - ERROR - Error recopilando datos de Asterisk: 'AsteriskMonitor' object has no attribute '_check_asterisk_status'
2026-02-23 19:55:33 - softphone_auto_register - ERROR - Timeout ejecutando comando Asterisk
2026-02-23 19:55:53 - softphone_auto_register - ERROR - Timeout ejecutando comando Asterisk
2026-02-23 19:56:01 - asterisk_monitor - ERROR - Error recopilando datos de Asterisk: 'AsteriskMonitor' object has no attribute '_check_asterisk_status'
2026-02-23 19:56:13 - softphone_auto_register - ERROR - Timeout ejecutando comando Asterisk
2026-02-23 19:56:25 - softphone_auto_register - ERROR - Error ejecutando comando Asterisk: sudo: a password is required

2026-02-23 19:57:18 - web_server - ERROR - Error obteniendo proveedor stats: 
2026-02-23 19:57:23 - web_server - ERROR - Error obteniendo proveedor stats: 
2026-02-23 19:58:01 - web_server - ERROR - Error obteniendo proveedor stats: 
2026-02-23 20:03:07 - web_server - ERROR - Error obteniendo proveedor stats: 
2026-02-24 10:59:27 - softphone_auto_register - ERROR - Timeout ejecutando comando Asterisk
2026-02-24 11:02:02 - softphone_auto_register - ERROR - Timeout ejecutando comando Asterisk
2026-02-24 11:02:22 - softphone_auto_register - ERROR - Timeout ejecutando comando Asterisk
2026-02-24 11:02:42 - softphone_auto_register - ERROR - Timeout ejecutando comando Asterisk
2026-02-24 11:03:02 - softphone_auto_register - ERROR - Timeout ejecutando comando Asterisk
2026-02-24 11:03:22 - softphone_auto_register - ERROR - Timeout ejecutando comando Asterisk
2026-02-24 11:03:42 - softphone_auto_register - ERROR - Timeout ejecutando comando Asterisk
2026-02-24 11:04:02 - softphone_auto_register - ERROR - Timeout ejecutando comando Asterisk
2026-02-24 11:04:22 - softphone_auto_register - ERROR - Timeout ejecutando comando Asterisk
2026-02-24 11:04:42 - softphone_auto_register - ERROR - Timeout ejecutando comando Asterisk
2026-02-24 11:05:02 - softphone_auto_register - ERROR - Timeout ejecutando comando Asterisk
2026-02-24 11:05:22 - softphone_auto_register - ERROR - Timeout ejecutando comando Asterisk
2026-02-24 11:05:42 - softphone_auto_register - ERROR - Timeout ejecutando comando Asterisk
2026-02-24 11:06:02 - softphone_auto_register - ERROR - Timeout ejecutando comando Asterisk
2026-02-24 11:06:22 - softphone_auto_register - ERROR - Timeout ejecutando comando Asterisk
2026-02-24 11:06:42 - softphone_auto_register - ERROR - Timeout ejecutando comando Asterisk
2026-02-24 11:07:02 - softphone_auto_register - ERROR - Timeout ejecutando comando Asterisk
2026-02-24 11:07:22 - softphone_auto_register - ERROR - Timeout ejecutando comando Asterisk
2026-02-24 13:48:23 - web_server - ERROR - Error creando proveedor: ProviderManager.create_provider() got an unexpected keyword argument 'provider_type'
2026-02-24 13:52:01 - web_server - ERROR - Error creando proveedor: ProviderManager.create_provider() got an unexpected keyword argument 'provider_type'
2026-02-24 13:52:48 - web_server - ERROR - Error creando proveedor: ProviderManager.create_provider() got an unexpected keyword argument 'provider_type'
2026-02-24 13:53:20 - web_server - ERROR - Error creando proveedor: ProviderManager.create_provider() got an unexpected keyword argument 'provider_type'
2026-02-24 13:53:51 - web_server - ERROR - Error creando proveedor: ProviderManager.create_provider() got an unexpected keyword argument 'provider_type'
2026-02-24 14:07:17 - web_server - ERROR - Error creando proveedor: ProviderManager.create_provider() got an unexpected keyword argument 'type'
