2026-02-20 18:35:37 - extension_manager - INFO - Cargadas 500 extensiones
2026-02-20 18:35:37 - extension_manager - INFO - Configuración cargada
2026-02-20 18:35:37 - extension_manager - INFO - ExtensionManager inicializado
2026-02-20 18:35:58 - extension_manager - INFO - Cargadas 500 extensiones
2026-02-20 18:35:58 - extension_manager - INFO - Configuración cargada
2026-02-20 18:35:58 - extension_manager - INFO - ExtensionManager inicializado
2026-02-20 18:38:30 - extension_manager - INFO - Cargadas 500 extensiones
2026-02-20 18:38:30 - extension_manager - INFO - Configuración cargada
2026-02-20 18:38:30 - extension_manager - INFO - ExtensionManager inicializado
2026-02-20 21:05:30 - extension_manager - INFO - Extension Manager inicializado: 500 extensiones
2026-02-20 21:05:43 - extension_manager - INFO - Extension Manager inicializado: 500 extensiones
2026-02-20 21:05:45 - extension_manager - INFO - Extension Manager inicializado: 500 extensiones
2026-02-20 21:05:59 - extension_manager - INFO - Extension Manager inicializado: 500 extensiones
2026-02-20 21:06:02 - extension_manager - INFO - Extensión 1500 asignada a agent_001
2026-02-20 21:06:09 - extension_manager - INFO - Extensión 1501 asignada a agent_b490ea63
2026-02-20 21:06:10 - extension_manager - INFO - Extensión 1501 liberada de agent_b490ea63
2026-02-20 21:51:15 - extension_manager - INFO - Extension Manager inicializado: 502 extensiones
2026-02-20 21:51:49 - extension_manager - INFO - Extension Manager inicializado: 502 extensiones
2026-02-20 21:51:49 - extension_manager - INFO - Extension Manager inicializado: 502 extensiones
2026-02-20 22:01:41 - extension_manager - INFO - Extension Manager inicializado: 502 extensiones
2026-02-20 22:01:42 - extension_manager - INFO - Extension Manager inicializado: 502 extensiones
2026-02-20 22:11:35 - extension_manager - INFO - Extension Manager inicializado: 502 extensiones
2026-02-20 22:13:22 - extension_manager - INFO - Extension Manager inicializado: 502 extensiones
2026-02-20 22:13:42 - extension_manager - INFO - Extension Manager inicializado: 502 extensiones
2026-02-20 22:13:43 - extension_manager - INFO - Extension Manager inicializado: 502 extensiones
2026-02-20 22:17:18 - extension_manager - INFO - Extension Manager inicializado: 502 extensiones
2026-02-20 22:17:19 - extension_manager - INFO - Extension Manager inicializado: 502 extensiones
2026-02-20 22:22:30 - extension_manager - INFO - Extension Manager inicializado: 502 extensiones
2026-02-20 22:22:31 - extension_manager - INFO - Extension Manager inicializado: 502 extensiones
2026-02-20 22:24:57 - extension_manager - INFO - Extensión 1501 asignada a agent_001
2026-02-20 22:26:00 - extension_manager - INFO - Extension Manager inicializado: 502 extensiones
2026-02-21 10:30:58 - extension_manager - INFO - Extension Manager inicializado: 502 extensiones
2026-02-21 10:30:59 - extension_manager - INFO - Extension Manager inicializado: 502 extensiones
2026-02-21 15:39:31 - extension_manager - INFO - Extension Manager inicializado: 502 extensiones
2026-02-21 15:39:31 - extension_manager - INFO - Extension Manager inicializado: 502 extensiones
2026-02-21 15:48:00 - extension_manager - INFO - Extension Manager inicializado: 502 extensiones
2026-02-21 15:48:01 - extension_manager - INFO - Extension Manager inicializado: 502 extensiones
2026-02-21 21:19:31 - extension_manager - INFO - Extension Manager inicializado: 502 extensiones
2026-02-21 21:19:45 - extension_manager - INFO - Extension Manager inicializado: 502 extensiones
2026-02-21 21:22:32 - extension_manager - INFO - Extension Manager inicializado: 502 extensiones
2026-02-21 21:22:33 - extension_manager - INFO - Extension Manager inicializado: 502 extensiones
2026-02-21 21:42:44 - extension_manager - INFO - Extension Manager inicializado: 502 extensiones
2026-02-21 21:43:46 - extension_manager - INFO - Extension Manager inicializado: 502 extensiones
2026-02-21 22:00:35 - extension_manager - INFO - Extension Manager inicializado: 502 extensiones
2026-02-21 22:00:49 - extension_manager - INFO - Extension Manager inicializado: 502 extensiones
2026-02-21 22:02:45 - extension_manager - INFO - Extension Manager inicializado: 502 extensiones
2026-02-21 22:06:47 - extension_manager - INFO - Extension Manager inicializado: 502 extensiones
2026-02-21 22:06:47 - extension_manager - INFO - Extension Manager inicializado: 502 extensiones
2026-02-23 13:09:34 - extension_manager - INFO - Extension Manager inicializado: 502 extensiones
2026-02-23 13:09:35 - extension_manager - INFO - Extension Manager inicializado: 502 extensiones
2026-02-23 13:21:26 - extension_manager - INFO - Extension Manager inicializado: 502 extensiones
2026-02-23 13:21:27 - extension_manager - INFO - Extension Manager inicializado: 502 extensiones
2026-02-23 14:34:43 - extension_manager - INFO - Extension Manager inicializado: 502 extensiones
2026-02-23 14:35:00 - extension_manager - INFO - Extension Manager inicializado: 502 extensiones
2026-02-23 14:37:00 - extension_manager - INFO - Extension Manager inicializado: 502 extensiones
2026-02-23 14:37:00 - extension_manager - INFO - Extension Manager inicializado: 502 extensiones
2026-02-23 14:43:02 - extension_manager - INFO - Extension Manager inicializado: 502 extensiones
2026-02-23 14:43:14 - extension_manager - INFO - Extension Manager inicializado: 502 extensiones
2026-02-23 14:43:43 - extension_manager - INFO - Extension Manager inicializado: 502 extensiones
2026-02-23 14:43:47 - extension_manager - INFO - Extension Manager inicializado: 502 extensiones
2026-02-23 14:44:17 - extension_manager - INFO - Extension Manager inicializado: 502 extensiones
2026-02-23 14:44:26 - extension_manager - INFO - Extension Manager inicializado: 502 extensiones
2026-02-23 14:45:14 - extension_manager - INFO - Extension Manager inicializado: 502 extensiones
2026-02-23 14:46:06 - extension_manager - INFO - Extension Manager inicializado: 502 extensiones
2026-02-23 14:46:06 - extension_manager - INFO - Extension Manager inicializado: 502 extensiones
2026-02-23 14:46:35 - extension_manager - INFO - Extension Manager inicializado: 502 extensiones
2026-02-23 14:46:36 - extension_manager - INFO - Extension Manager inicializado: 502 extensiones
2026-02-23 14:54:36 - extension_manager - INFO - Extension Manager inicializado: 502 extensiones
2026-02-23 14:54:37 - extension_manager - INFO - Extension Manager inicializado: 502 extensiones
2026-02-23 14:55:14 - extension_manager - INFO - Extension Manager inicializado: 502 extensiones
2026-02-23 15:02:25 - extension_manager - INFO - Extension Manager inicializado: 502 extensiones
2026-02-23 15:02:37 - extension_manager - INFO - Extension Manager inicializado: 502 extensiones
2026-02-23 15:04:27 - extension_manager - INFO - Extension Manager inicializado: 502 extensiones
2026-02-23 15:04:28 - extension_manager - INFO - Extension Manager inicializado: 502 extensiones
2026-02-23 15:05:08 - extension_manager - INFO - Extension Manager inicializado: 502 extensiones
2026-02-23 15:05:08 - extension_manager - INFO - Extension Manager inicializado: 502 extensiones
2026-02-23 15:07:31 - extension_manager - INFO - Extension Manager inicializado: 502 extensiones
2026-02-23 15:07:44 - extension_manager - INFO - Extension Manager inicializado: 502 extensiones
2026-02-23 15:07:44 - extension_manager - INFO - Extension Manager inicializado: 502 extensiones
2026-02-23 15:08:25 - extension_manager - INFO - Extension Manager inicializado: 502 extensiones
2026-02-23 15:08:25 - extension_manager - INFO - Extension Manager inicializado: 502 extensiones
2026-02-23 15:10:50 - extension_manager - INFO - Extension Manager inicializado: 502 extensiones
2026-02-23 15:11:02 - extension_manager - INFO - Extension Manager inicializado: 502 extensiones
2026-02-23 15:11:59 - extension_manager - INFO - Extension Manager inicializado: 502 extensiones
2026-02-23 15:12:07 - extension_manager - INFO - Extension Manager inicializado: 502 extensiones
2026-02-23 15:13:00 - extension_manager - INFO - Extension Manager inicializado: 502 extensiones
2026-02-23 15:15:49 - extension_manager - INFO - Extension Manager inicializado: 502 extensiones
2026-02-23 15:15:57 - extension_manager - INFO - Extension Manager inicializado: 502 extensiones
2026-02-23 15:21:56 - extension_manager - INFO - Extension Manager inicializado: 502 extensiones
2026-02-23 15:25:15 - extension_manager - INFO - Extension Manager inicializado: 502 extensiones
2026-02-23 15:28:10 - extension_manager - INFO - Extension Manager inicializado: 502 extensiones
2026-02-23 15:29:08 - extension_manager - INFO - Extension Manager inicializado: 502 extensiones
2026-02-23 15:29:36 - extension_manager - INFO - Extensiones disponibles encontradas: 501
2026-02-23 15:29:36 - extension_manager - INFO - Extensión 1502 asignada a 1000
2026-02-23 15:31:33 - extension_manager - INFO - Extension Manager inicializado: 503 extensiones
2026-02-23 15:31:58 - extension_manager - INFO - Extensiones disponibles encontradas: 502
2026-02-23 15:31:58 - extension_manager - INFO - Extensión 1503 asignada a 1000
2026-02-23 15:33:13 - extension_manager - INFO - Extension Manager inicializado: 504 extensiones
2026-02-23 15:33:19 - extension_manager - INFO - Extensiones disponibles encontradas: 503
2026-02-23 15:33:19 - extension_manager - INFO - Extensión 1504 asignada a 1000
2026-02-23 15:38:39 - extension_manager - INFO - Extension Manager inicializado: 505 extensiones
2026-02-23 15:39:47 - extension_manager - INFO - Extensiones disponibles encontradas: 504
2026-02-23 15:39:47 - extension_manager - INFO - Extensión 1505 asignada a 1000
2026-02-23 15:42:36 - extension_manager - INFO - Extension Manager inicializado: 506 extensiones
2026-02-23 15:44:26 - extension_manager - INFO - Extension Manager inicializado: 506 extensiones
2026-02-23 15:47:48 - extension_manager - INFO - Extension Manager inicializado: 506 extensiones
2026-02-23 15:51:03 - extension_manager - INFO - Extension Manager inicializado: 506 extensiones
2026-02-23 15:56:51 - extension_manager - INFO - Extensiones disponibles encontradas: 505
2026-02-23 15:56:51 - extension_manager - INFO - Extensión 1506 asignada a 1000
2026-02-23 16:13:40 - extension_manager - INFO - Extension Manager inicializado: 507 extensiones
2026-02-23 16:26:10 - extension_manager - INFO - Extension Manager inicializado: 507 extensiones
2026-02-23 16:48:12 - extension_manager - INFO - Extension Manager inicializado: 507 extensiones
2026-02-23 17:09:16 - extension_manager - INFO - Extension Manager inicializado: 507 extensiones
2026-02-23 17:12:10 - extension_manager - INFO - Extension Manager inicializado: 507 extensiones
2026-02-23 17:35:43 - extension_manager - INFO - Extension Manager inicializado: 507 extensiones
2026-02-23 18:29:42 - extension_manager - INFO - Extension Manager inicializado: 507 extensiones
2026-02-23 18:30:57 - extension_manager - INFO - Extension Manager inicializado: 507 extensiones
2026-02-23 18:36:44 - extension_manager - INFO - Extension Manager inicializado: 507 extensiones
2026-02-23 18:43:53 - extension_manager - INFO - Extensiones disponibles encontradas: 506
2026-02-23 18:43:53 - extension_manager - INFO - Extensión 1507 asignada a 1000
2026-02-23 18:53:52 - extension_manager - INFO - Extension Manager inicializado: 508 extensiones
2026-02-23 18:58:01 - extension_manager - INFO - Extension Manager inicializado: 508 extensiones
2026-02-23 18:58:33 - extension_manager - INFO - Extensiones disponibles encontradas: 507
2026-02-23 18:58:33 - extension_manager - INFO - Extensión 1508 asignada a 1000
2026-02-23 19:03:11 - extension_manager - WARNING - No se encontró extensión asignada a agent_7da905b0
2026-02-23 19:03:17 - extension_manager - WARNING - No se encontró extensión asignada a agent_001
2026-02-23 19:03:20 - extension_manager - INFO - Extensiones disponibles encontradas: 508
2026-02-23 19:03:20 - extension_manager - INFO - Extensión 1509 asignada a 1000
2026-02-23 19:04:38 - extension_manager - WARNING - No se encontró extensión asignada a agent_90f21eb3
2026-02-23 19:04:40 - extension_manager - WARNING - No se encontró extensión asignada a agent_989f4b31
2026-02-23 19:04:42 - extension_manager - WARNING - No se encontró extensión asignada a agent_4ad2165e
2026-02-23 19:04:48 - extension_manager - WARNING - No se encontró extensión asignada a agent_35abd124
2026-02-23 19:04:54 - extension_manager - WARNING - No se encontró extensión asignada a agent_b8dae174
2026-02-23 19:04:56 - extension_manager - WARNING - No se encontró extensión asignada a agent_84e76cda
2026-02-23 19:16:22 - extension_manager - INFO - Extension Manager inicializado: 510 extensiones
2026-02-23 19:16:34 - extension_manager - INFO - Extensiones disponibles encontradas: 509
2026-02-23 19:16:34 - extension_manager - INFO - Extensión 1510 asignada a 1000
2026-02-23 19:17:20 - extension_manager - INFO - Extensiones disponibles encontradas: 510
2026-02-23 19:17:20 - extension_manager - INFO - Extensión 1511 asignada a 1000
2026-02-23 19:23:03 - extension_manager - INFO - Extension Manager inicializado: 512 extensiones
2026-02-23 19:25:05 - extension_manager - INFO - Extensiones disponibles encontradas: 511
2026-02-23 19:25:05 - extension_manager - INFO - Extensión 1512 asignada a 1000
2026-02-23 19:29:06 - extension_manager - INFO - Extension Manager inicializado: 513 extensiones
2026-02-23 19:30:23 - extension_manager - INFO - Extensiones disponibles encontradas: 512
2026-02-23 19:30:23 - extension_manager - INFO - Extensión 1513 asignada a 1000
2026-02-23 19:35:11 - extension_manager - INFO - Extension Manager inicializado: 514 extensiones
2026-02-23 19:35:47 - extension_manager - INFO - Extensiones disponibles encontradas: 513
2026-02-23 19:35:47 - extension_manager - INFO - Extensión 1514 asignada a 1000
2026-02-23 19:39:33 - extension_manager - INFO - Extension Manager inicializado: 515 extensiones
2026-02-23 19:40:35 - extension_manager - INFO - Extensiones disponibles encontradas: 514
2026-02-23 19:40:35 - extension_manager - INFO - Extensión 1515 asignada a 1000
2026-02-23 19:47:06 - extension_manager - INFO - Extension Manager inicializado: 516 extensiones
2026-02-23 19:47:46 - extension_manager - INFO - Extensiones disponibles encontradas: 515
2026-02-23 19:47:46 - extension_manager - INFO - Extensión 1516 asignada a 1000
2026-02-23 19:52:48 - extension_manager - INFO - Extension Manager inicializado: 517 extensiones
2026-02-23 19:53:23 - extension_manager - INFO - Extensiones disponibles encontradas: 516
2026-02-23 19:53:23 - extension_manager - INFO - Extensión 1517 asignada a 1000
2026-02-23 19:56:39 - extension_manager - INFO - Extension Manager inicializado: 518 extensiones
2026-02-23 19:57:39 - extension_manager - WARNING - No se encontró extensión asignada a agent_a8704e3a
2026-02-23 19:57:41 - extension_manager - WARNING - No se encontró extensión asignada a agent_281f9770
2026-02-23 19:57:43 - extension_manager - WARNING - No se encontró extensión asignada a agent_aadc436a
2026-02-23 19:57:45 - extension_manager - WARNING - No se encontró extensión asignada a agent_7f8f36ef
2026-02-23 19:57:47 - extension_manager - WARNING - No se encontró extensión asignada a agent_f0957d03
2026-02-23 19:57:49 - extension_manager - WARNING - No se encontró extensión asignada a agent_99f5b9e2
2026-02-23 19:57:50 - extension_manager - WARNING - No se encontró extensión asignada a agent_37fb6058
2026-02-23 19:57:52 - extension_manager - WARNING - No se encontró extensión asignada a agent_3a06af31
2026-02-23 19:57:54 - extension_manager - WARNING - No se encontró extensión asignada a agent_b5fdc585
2026-02-23 20:02:49 - extension_manager - INFO - Extension Manager inicializado: 518 extensiones
2026-02-24 10:32:24 - extension_manager - INFO - Extension Manager inicializado: 518 extensiones
2026-02-24 10:53:51 - extension_manager - INFO - Extension Manager inicializado: 518 extensiones
2026-02-24 10:58:33 - extension_manager - INFO - Extension Manager inicializado: 518 extensiones
2026-02-24 11:01:30 - extension_manager - INFO - Extension Manager inicializado: 518 extensiones
2026-02-24 11:01:52 - extension_manager - INFO - Extensiones disponibles encontradas: 517
2026-02-24 11:01:52 - extension_manager - INFO - Extensión 1518 asignada a 1000
2026-02-24 11:09:36 - extension_manager - INFO - Extension Manager inicializado: 519 extensiones
2026-02-24 11:16:54 - extension_manager - INFO - Extension Manager inicializado: 519 extensiones
2026-02-24 12:33:32 - extension_manager - INFO - Extension Manager inicializado: 519 extensiones
2026-02-24 13:54:04 - extension_manager - INFO - Extension Manager inicializado: 519 extensiones
2026-02-24 14:06:41 - extension_manager - INFO - Extension Manager inicializado: 519 extensiones
