2026-02-23 17:35:43 - softphone_monitor - DEBUG - Softphones registrados guardados
2026-02-23 17:35:43 - softphone_monitor - INFO - Softphone Monitor inicializado
2026-02-23 17:36:44 - softphone_monitor - INFO - Iniciando escaneo de registros automáticos...
2026-02-23 17:36:54 - softphone_monitor - ERROR - Timeout ejecutando comando Asterisk
2026-02-23 17:36:54 - softphone_monitor - INFO - Escaneo completado: 0 nuevos agentes creados
2026-02-23 18:36:44 - softphone_monitor - INFO - Softphones registrados cargados: 0
2026-02-23 18:36:44 - softphone_monitor - INFO - Softphone Monitor inicializado
2026-02-23 18:53:52 - softphone_monitor - INFO - Softphones registrados cargados: 0
2026-02-23 18:53:52 - softphone_monitor - INFO - Softphone Monitor inicializado
2026-02-23 18:58:02 - softphone_monitor - INFO - Softphones registrados cargados: 0
2026-02-23 18:58:02 - softphone_monitor - INFO - Softphone Monitor inicializado
2026-02-23 19:16:22 - softphone_monitor - INFO - Softphones registrados cargados: 0
2026-02-23 19:16:22 - softphone_monitor - INFO - Softphone Monitor inicializado
2026-02-23 19:23:03 - softphone_monitor - INFO - Softphones registrados cargados: 0
2026-02-23 19:23:03 - softphone_monitor - INFO - Softphone Monitor inicializado
2026-02-23 19:29:06 - softphone_monitor - INFO - Softphones registrados cargados: 0
2026-02-23 19:29:06 - softphone_monitor - INFO - Softphone Monitor inicializado
2026-02-23 19:35:11 - softphone_monitor - INFO - Softphones registrados cargados: 0
2026-02-23 19:35:11 - softphone_monitor - INFO - Softphone Monitor inicializado
2026-02-23 19:39:33 - softphone_monitor - INFO - Softphones registrados cargados: 0
2026-02-23 19:39:33 - softphone_monitor - INFO - Softphone Monitor inicializado
2026-02-23 19:47:06 - softphone_monitor - INFO - Softphones registrados cargados: 0
2026-02-23 19:47:06 - softphone_monitor - INFO - Softphone Monitor inicializado
2026-02-23 19:52:48 - softphone_monitor - INFO - Softphones registrados cargados: 0
2026-02-23 19:52:48 - softphone_monitor - INFO - Softphone Monitor inicializado
2026-02-23 19:56:39 - softphone_monitor - INFO - Softphones registrados cargados: 0
2026-02-23 19:56:39 - softphone_monitor - INFO - Softphone Monitor inicializado
2026-02-23 20:02:49 - softphone_monitor - INFO - Softphones registrados cargados: 0
2026-02-23 20:02:49 - softphone_monitor - INFO - Softphone Monitor inicializado
2026-02-24 10:32:24 - softphone_monitor - INFO - Softphones registrados cargados: 0
2026-02-24 10:32:24 - softphone_monitor - INFO - Softphone Monitor inicializado
2026-02-24 10:53:51 - softphone_monitor - INFO - Softphones registrados cargados: 0
2026-02-24 10:53:51 - softphone_monitor - INFO - Softphone Monitor inicializado
2026-02-24 10:58:33 - softphone_monitor - INFO - Softphones registrados cargados: 0
2026-02-24 10:58:33 - softphone_monitor - INFO - Softphone Monitor inicializado
2026-02-24 11:01:30 - softphone_monitor - INFO - Softphones registrados cargados: 0
2026-02-24 11:01:30 - softphone_monitor - INFO - Softphone Monitor inicializado
2026-02-24 11:09:36 - softphone_monitor - INFO - Softphones registrados cargados: 0
2026-02-24 11:09:36 - softphone_monitor - INFO - Softphone Monitor inicializado
2026-02-24 11:16:54 - softphone_monitor - INFO - Softphones registrados cargados: 0
2026-02-24 11:16:54 - softphone_monitor - INFO - Softphone Monitor inicializado
2026-02-24 12:33:32 - softphone_monitor - INFO - Softphones registrados cargados: 0
2026-02-24 12:33:32 - softphone_monitor - INFO - Softphone Monitor inicializado
2026-02-24 13:54:04 - softphone_monitor - INFO - Softphones registrados cargados: 0
2026-02-24 13:54:04 - softphone_monitor - INFO - Softphone Monitor inicializado
2026-02-24 14:06:41 - softphone_monitor - INFO - Softphones registrados cargados: 0
2026-02-24 14:06:41 - softphone_monitor - INFO - Softphone Monitor inicializado
