2026-02-23 19:16:34 - softphone_auto_register - INFO - Monitoreo de auto-registro iniciado
2026-02-23 19:16:44 - softphone_auto_register - ERROR - Timeout ejecutando comando Asterisk
2026-02-23 19:17:20 - softphone_auto_register - WARNING - El monitoreo ya está activo
2026-02-23 19:25:05 - softphone_auto_register - INFO - Monitoreo de auto-registro iniciado
2026-02-23 19:30:22 - softphone_auto_register - INFO - Monitoreo de auto-registro iniciado
2026-02-23 19:35:47 - softphone_auto_register - INFO - Monitoreo de auto-registro iniciado
2026-02-23 19:40:35 - softphone_auto_register - INFO - Monitoreo de auto-registro iniciado
2026-02-23 19:47:46 - softphone_auto_register - INFO - Monitoreo de auto-registro iniciado
2026-02-23 19:47:56 - softphone_auto_register - ERROR - Timeout ejecutando comando Asterisk
2026-02-23 19:48:16 - softphone_auto_register - ERROR - Timeout ejecutando comando Asterisk
2026-02-23 19:48:36 - softphone_auto_register - ERROR - Timeout ejecutando comando Asterisk
2026-02-23 19:48:56 - softphone_auto_register - ERROR - Timeout ejecutando comando Asterisk
2026-02-23 19:49:16 - softphone_auto_register - ERROR - Timeout ejecutando comando Asterisk
2026-02-23 19:49:36 - softphone_auto_register - ERROR - Timeout ejecutando comando Asterisk
2026-02-23 19:49:56 - softphone_auto_register - ERROR - Timeout ejecutando comando Asterisk
2026-02-23 19:50:16 - softphone_auto_register - ERROR - Timeout ejecutando comando Asterisk
2026-02-23 19:50:36 - softphone_auto_register - ERROR - Timeout ejecutando comando Asterisk
2026-02-23 19:50:56 - softphone_auto_register - ERROR - Timeout ejecutando comando Asterisk
2026-02-23 19:51:16 - softphone_auto_register - ERROR - Timeout ejecutando comando Asterisk
2026-02-23 19:51:36 - softphone_auto_register - ERROR - Timeout ejecutando comando Asterisk
2026-02-23 19:51:56 - softphone_auto_register - ERROR - Timeout ejecutando comando Asterisk
2026-02-23 19:52:16 - softphone_auto_register - ERROR - Timeout ejecutando comando Asterisk
2026-02-23 19:53:23 - softphone_auto_register - INFO - Monitoreo de auto-registro iniciado
2026-02-23 19:53:33 - softphone_auto_register - ERROR - Timeout ejecutando comando Asterisk
2026-02-23 19:53:53 - softphone_auto_register - ERROR - Timeout ejecutando comando Asterisk
2026-02-23 19:54:13 - softphone_auto_register - ERROR - Timeout ejecutando comando Asterisk
2026-02-23 19:54:33 - softphone_auto_register - ERROR - Timeout ejecutando comando Asterisk
2026-02-23 19:54:53 - softphone_auto_register - ERROR - Timeout ejecutando comando Asterisk
2026-02-23 19:55:13 - softphone_auto_register - ERROR - Timeout ejecutando comando Asterisk
2026-02-23 19:55:33 - softphone_auto_register - ERROR - Timeout ejecutando comando Asterisk
2026-02-23 19:55:53 - softphone_auto_register - ERROR - Timeout ejecutando comando Asterisk
2026-02-23 19:56:13 - softphone_auto_register - ERROR - Timeout ejecutando comando Asterisk
2026-02-23 19:56:25 - softphone_auto_register - ERROR - Error ejecutando comando Asterisk: sudo: a password is required

2026-02-24 10:59:17 - softphone_auto_register - INFO - Monitoreo de auto-registro iniciado
2026-02-24 10:59:27 - softphone_auto_register - ERROR - Timeout ejecutando comando Asterisk
2026-02-24 10:59:45 - softphone_auto_register - INFO - Monitoreo de auto-registro detenido
2026-02-24 10:59:47 - softphone_auto_register - INFO - Monitoreo de auto-registro detenido
2026-02-24 10:59:55 - softphone_auto_register - INFO - Monitoreo de auto-registro iniciado
2026-02-24 11:00:11 - softphone_auto_register - INFO - Monitoreo de auto-registro detenido
2026-02-24 11:01:52 - softphone_auto_register - INFO - Monitoreo de auto-registro iniciado
2026-02-24 11:02:02 - softphone_auto_register - ERROR - Timeout ejecutando comando Asterisk
2026-02-24 11:02:22 - softphone_auto_register - ERROR - Timeout ejecutando comando Asterisk
2026-02-24 11:02:42 - softphone_auto_register - ERROR - Timeout ejecutando comando Asterisk
2026-02-24 11:03:02 - softphone_auto_register - ERROR - Timeout ejecutando comando Asterisk
2026-02-24 11:03:22 - softphone_auto_register - ERROR - Timeout ejecutando comando Asterisk
2026-02-24 11:03:42 - softphone_auto_register - ERROR - Timeout ejecutando comando Asterisk
2026-02-24 11:04:02 - softphone_auto_register - ERROR - Timeout ejecutando comando Asterisk
2026-02-24 11:04:22 - softphone_auto_register - ERROR - Timeout ejecutando comando Asterisk
2026-02-24 11:04:42 - softphone_auto_register - ERROR - Timeout ejecutando comando Asterisk
2026-02-24 11:05:02 - softphone_auto_register - ERROR - Timeout ejecutando comando Asterisk
2026-02-24 11:05:22 - softphone_auto_register - ERROR - Timeout ejecutando comando Asterisk
2026-02-24 11:05:42 - softphone_auto_register - ERROR - Timeout ejecutando comando Asterisk
2026-02-24 11:06:02 - softphone_auto_register - ERROR - Timeout ejecutando comando Asterisk
2026-02-24 11:06:22 - softphone_auto_register - ERROR - Timeout ejecutando comando Asterisk
2026-02-24 11:06:42 - softphone_auto_register - ERROR - Timeout ejecutando comando Asterisk
2026-02-24 11:07:02 - softphone_auto_register - ERROR - Timeout ejecutando comando Asterisk
2026-02-24 11:07:22 - softphone_auto_register - ERROR - Timeout ejecutando comando Asterisk
