2026-02-20 18:35:37 - voip_auto_dialer - INFO - Sistema de logging inicializado
2026-02-20 18:35:37 - extension_manager - INFO - Cargadas 500 extensiones
2026-02-20 18:35:37 - extension_manager - INFO - Configuración cargada
2026-02-20 18:35:37 - extension_manager - INFO - ExtensionManager inicializado
2026-02-20 18:35:37 - agent_manager - ERROR - Error cargando agentes: Expecting value: line 9 column 23 (char 216)
2026-02-20 18:35:37 - web_server - INFO - Iniciando servidor web VoIP Auto Dialer...
2026-02-20 18:35:37 - web_server - INFO - Servidor web iniciado exitosamente
2026-02-20 18:35:57 - web_server - INFO - Cerrando servidor web...
2026-02-20 18:35:58 - voip_auto_dialer - INFO - Sistema de logging inicializado
2026-02-20 18:35:58 - extension_manager - INFO - Cargadas 500 extensiones
2026-02-20 18:35:58 - extension_manager - INFO - Configuración cargada
2026-02-20 18:35:58 - extension_manager - INFO - ExtensionManager inicializado
2026-02-20 18:35:58 - agent_manager - ERROR - Error cargando agentes: Expecting value: line 9 column 23 (char 216)
2026-02-20 18:35:58 - agent_manager - INFO - Agent Manager inicializado
2026-02-20 18:35:58 - web_server - INFO - Iniciando servidor web VoIP Auto Dialer...
2026-02-20 18:35:58 - web_server - INFO - Servidor web iniciado exitosamente
2026-02-20 18:38:29 - web_server - INFO - Cerrando servidor web...
2026-02-20 18:38:30 - voip_auto_dialer - INFO - Sistema de logging inicializado
2026-02-20 18:38:30 - extension_manager - INFO - Cargadas 500 extensiones
2026-02-20 18:38:30 - extension_manager - INFO - Configuración cargada
2026-02-20 18:38:30 - extension_manager - INFO - ExtensionManager inicializado
2026-02-20 18:38:30 - agent_manager - INFO - Agent Manager inicializado
2026-02-20 18:38:30 - system_events - INFO - [STARTUP] Servidor web iniciado
2026-02-20 18:38:30 - web_server - INFO - VoIP Auto Dialer Web Server iniciado
2026-02-20 18:38:30 - web_server - ERROR - Error verificando componentes: 'ExtensionManager' object has no attribute 'get_stats'
2026-02-20 21:05:30 - voip_auto_dialer - INFO - Sistema de logging inicializado
2026-02-20 21:05:30 - extension_manager - INFO - Extension Manager inicializado: 500 extensiones
2026-02-20 21:05:30 - agent_manager - INFO - Agent Manager inicializado
2026-02-20 21:05:43 - voip_auto_dialer - INFO - Sistema de logging inicializado
2026-02-20 21:05:43 - extension_manager - INFO - Extension Manager inicializado: 500 extensiones
2026-02-20 21:05:43 - agent_manager - INFO - Agent Manager inicializado
2026-02-20 21:05:45 - voip_auto_dialer - INFO - Sistema de logging inicializado
2026-02-20 21:05:45 - extension_manager - INFO - Extension Manager inicializado: 500 extensiones
2026-02-20 21:05:45 - agent_manager - INFO - Agent Manager inicializado
2026-02-20 21:05:45 - system_events - INFO - [STARTUP] Servidor web iniciado
2026-02-20 21:05:45 - web_server - INFO - VoIP Auto Dialer Web Server iniciado
2026-02-20 21:05:45 - web_server - INFO - Agentes cargados: 1
2026-02-20 21:05:45 - web_server - INFO - Extensiones disponibles: 0
2026-02-20 21:05:59 - voip_auto_dialer - INFO - Sistema de logging inicializado
2026-02-20 21:05:59 - extension_manager - INFO - Extension Manager inicializado: 500 extensiones
2026-02-20 21:05:59 - agent_manager - INFO - Agent Manager inicializado
2026-02-20 21:06:02 - extension_manager - INFO - Extensión 1500 asignada a agent_001
2026-02-20 21:06:02 - agent_manager - INFO - Extensión 1500 asignada a Juan Pérez
2026-02-20 21:06:09 - agent_manager - INFO - Agente creado: Agente Prueba Sistema (agent_b490ea63)
2026-02-20 21:06:09 - extension_manager - INFO - Extensión 1501 asignada a agent_b490ea63
2026-02-20 21:06:09 - agent_manager - INFO - Extensión 1501 asignada a Agente Prueba Sistema
2026-02-20 21:06:10 - extension_manager - INFO - Extensión 1501 liberada de agent_b490ea63
2026-02-20 21:06:10 - agent_manager - INFO - Agente eliminado: Agente Prueba Sistema (agent_b490ea63)
2026-02-20 21:07:27 - agent_manager - INFO - Agente creado: Azrael Hagen (agent_a8704e3a)
2026-02-20 21:07:29 - agent_manager - INFO - Agente creado: Azrael Hagen (agent_e41ca012)
2026-02-20 21:51:13 - system_events - INFO - [SHUTDOWN] Servidor web cerrando
2026-02-20 21:51:13 - web_server - INFO - Cerrando servidor web...
2026-02-20 21:51:15 - voip_auto_dialer - INFO - Sistema de logging inicializado
2026-02-20 21:51:15 - extension_manager - INFO - Extension Manager inicializado: 502 extensiones
2026-02-20 21:51:15 - agent_manager - INFO - Agent Manager inicializado
2026-02-20 21:51:15 - system_events - INFO - [STARTUP] Servidor web iniciado
2026-02-20 21:51:15 - web_server - INFO - VoIP Auto Dialer Web Server iniciado
2026-02-20 21:51:15 - web_server - INFO - Agentes cargados: 3
2026-02-20 21:51:15 - web_server - INFO - Extensiones disponibles: 1
2026-02-20 21:51:27 - system_events - INFO - [SHUTDOWN] Servidor web cerrando
2026-02-20 21:51:27 - web_server - INFO - Cerrando servidor web...
2026-02-20 21:51:49 - voip_auto_dialer - INFO - Sistema de logging inicializado
2026-02-20 21:51:49 - extension_manager - INFO - Extension Manager inicializado: 502 extensiones
2026-02-20 21:51:49 - agent_manager - INFO - Agent Manager inicializado
2026-02-20 21:51:49 - voip_auto_dialer - INFO - Sistema de logging inicializado
2026-02-20 21:51:49 - extension_manager - INFO - Extension Manager inicializado: 502 extensiones
2026-02-20 21:51:49 - agent_manager - INFO - Agent Manager inicializado
2026-02-20 21:51:49 - system_events - INFO - [STARTUP] Servidor web iniciado
2026-02-20 21:51:49 - web_server - INFO - VoIP Auto Dialer Web Server iniciado
2026-02-20 21:51:49 - web_server - INFO - Agentes cargados: 3
2026-02-20 21:51:49 - web_server - INFO - Extensiones disponibles: 1
2026-02-20 21:57:43 - system_events - INFO - [SHUTDOWN] Servidor web cerrando
2026-02-20 21:57:43 - web_server - INFO - Cerrando servidor web...
2026-02-20 22:01:41 - voip_auto_dialer - INFO - Sistema de logging inicializado
2026-02-20 22:01:41 - extension_manager - INFO - Extension Manager inicializado: 502 extensiones
2026-02-20 22:01:41 - agent_manager - INFO - Agent Manager inicializado
2026-02-20 22:01:42 - voip_auto_dialer - INFO - Sistema de logging inicializado
2026-02-20 22:01:42 - extension_manager - INFO - Extension Manager inicializado: 502 extensiones
2026-02-20 22:01:42 - agent_manager - INFO - Agent Manager inicializado
2026-02-20 22:01:42 - system_events - INFO - [STARTUP] Servidor web iniciado
2026-02-20 22:01:42 - web_server - INFO - VoIP Auto Dialer Web Server iniciado
2026-02-20 22:01:42 - web_server - INFO - Agentes cargados: 3
2026-02-20 22:01:42 - web_server - INFO - Extensiones disponibles: 1
2026-02-20 22:11:33 - system_events - INFO - [SHUTDOWN] Servidor web cerrando
2026-02-20 22:11:33 - web_server - INFO - Cerrando servidor web...
2026-02-20 22:11:35 - voip_auto_dialer - INFO - Sistema de logging inicializado
2026-02-20 22:11:35 - extension_manager - INFO - Extension Manager inicializado: 502 extensiones
2026-02-20 22:11:35 - agent_manager - INFO - Agent Manager inicializado
2026-02-20 22:11:35 - system_events - INFO - [STARTUP] Servidor web iniciado
2026-02-20 22:11:35 - web_server - INFO - VoIP Auto Dialer Web Server iniciado
2026-02-20 22:11:35 - web_server - INFO - Agentes cargados: 3
2026-02-20 22:11:35 - web_server - INFO - Extensiones disponibles: 1
2026-02-20 22:13:20 - system_events - INFO - [SHUTDOWN] Servidor web cerrando
2026-02-20 22:13:20 - web_server - INFO - Cerrando servidor web...
2026-02-20 22:13:22 - voip_auto_dialer - INFO - Sistema de logging inicializado
2026-02-20 22:13:22 - extension_manager - INFO - Extension Manager inicializado: 502 extensiones
2026-02-20 22:13:22 - agent_manager - INFO - Agent Manager inicializado
2026-02-20 22:13:22 - system_events - INFO - [STARTUP] Servidor web iniciado
2026-02-20 22:13:22 - web_server - INFO - VoIP Auto Dialer Web Server iniciado
2026-02-20 22:13:22 - web_server - INFO - Agentes cargados: 3
2026-02-20 22:13:22 - web_server - INFO - Extensiones disponibles: 1
2026-02-20 22:13:37 - system_events - INFO - [SHUTDOWN] Servidor web cerrando
2026-02-20 22:13:37 - web_server - INFO - Cerrando servidor web...
2026-02-20 22:13:42 - voip_auto_dialer - INFO - Sistema de logging inicializado
2026-02-20 22:13:42 - extension_manager - INFO - Extension Manager inicializado: 502 extensiones
2026-02-20 22:13:42 - agent_manager - INFO - Agent Manager inicializado
2026-02-20 22:13:43 - voip_auto_dialer - INFO - Sistema de logging inicializado
2026-02-20 22:13:43 - extension_manager - INFO - Extension Manager inicializado: 502 extensiones
2026-02-20 22:13:43 - agent_manager - INFO - Agent Manager inicializado
2026-02-20 22:13:43 - system_events - INFO - [STARTUP] Servidor web iniciado
2026-02-20 22:13:43 - web_server - INFO - VoIP Auto Dialer Web Server iniciado
2026-02-20 22:13:43 - web_server - INFO - Agentes cargados: 3
2026-02-20 22:13:43 - web_server - INFO - Extensiones disponibles: 1
2026-02-20 22:14:38 - system_events - INFO - [SHUTDOWN] Servidor web cerrando
2026-02-20 22:14:38 - web_server - INFO - Cerrando servidor web...
2026-02-20 22:17:18 - voip_auto_dialer - INFO - Sistema de logging inicializado
2026-02-20 22:17:18 - extension_manager - INFO - Extension Manager inicializado: 502 extensiones
2026-02-20 22:17:18 - agent_manager - INFO - Agent Manager inicializado
2026-02-20 22:17:19 - voip_auto_dialer - INFO - Sistema de logging inicializado
2026-02-20 22:17:19 - extension_manager - INFO - Extension Manager inicializado: 502 extensiones
2026-02-20 22:17:19 - agent_manager - INFO - Agent Manager inicializado
2026-02-20 22:17:19 - system_events - INFO - [STARTUP] Servidor web iniciado
2026-02-20 22:17:19 - web_server - INFO - VoIP Auto Dialer Web Server iniciado
2026-02-20 22:17:19 - web_server - INFO - Agentes cargados: 3
2026-02-20 22:17:19 - web_server - INFO - Extensiones disponibles: 1
2026-02-20 22:18:03 - agent_manager - INFO - Agente creado: 123 (agent_bb5f841a)
2026-02-20 22:18:04 - agent_manager - INFO - Agente creado: 123 (agent_c45c4860)
2026-02-20 22:18:04 - agent_manager - INFO - Agente creado: 123 (agent_ef21c917)
2026-02-20 22:18:04 - agent_manager - INFO - Agente creado: 123 (agent_6f5f6b13)
2026-02-20 22:18:10 - system_events - INFO - [SHUTDOWN] Servidor web cerrando
2026-02-20 22:18:10 - web_server - INFO - Cerrando servidor web...
2026-02-20 22:22:30 - voip_auto_dialer - INFO - Sistema de logging inicializado
2026-02-20 22:22:30 - extension_manager - INFO - Extension Manager inicializado: 502 extensiones
2026-02-20 22:22:30 - agent_manager - INFO - Agent Manager inicializado
2026-02-20 22:22:31 - voip_auto_dialer - INFO - Sistema de logging inicializado
2026-02-20 22:22:31 - extension_manager - INFO - Extension Manager inicializado: 502 extensiones
2026-02-20 22:22:31 - agent_manager - INFO - Agent Manager inicializado
2026-02-20 22:22:31 - system_events - INFO - [STARTUP] Servidor web iniciado
2026-02-20 22:22:31 - web_server - INFO - VoIP Auto Dialer Web Server iniciado
2026-02-20 22:22:31 - web_server - INFO - Agentes cargados: 7
2026-02-20 22:22:31 - web_server - INFO - Extensiones disponibles: 1
2026-02-20 22:24:57 - extension_manager - INFO - Extensión 1501 asignada a agent_001
2026-02-20 22:24:57 - agent_manager - INFO - Extensión 1501 asignada a Juan Pérez
2026-02-20 22:25:59 - system_events - INFO - [SHUTDOWN] Servidor web cerrando
2026-02-20 22:25:59 - web_server - INFO - Cerrando servidor web...
2026-02-20 22:26:00 - voip_auto_dialer - INFO - Sistema de logging inicializado
2026-02-20 22:26:00 - extension_manager - INFO - Extension Manager inicializado: 502 extensiones
2026-02-20 22:26:00 - agent_manager - INFO - Agent Manager inicializado
2026-02-20 22:26:00 - system_events - INFO - [STARTUP] Servidor web iniciado
2026-02-20 22:26:00 - web_server - INFO - VoIP Auto Dialer Web Server iniciado
2026-02-20 22:26:00 - web_server - INFO - Agentes cargados: 7
2026-02-20 22:26:00 - web_server - INFO - Extensiones disponibles: 0
2026-02-21 10:30:58 - voip_auto_dialer - INFO - Sistema de logging inicializado
2026-02-21 10:30:58 - extension_manager - INFO - Extension Manager inicializado: 502 extensiones
2026-02-21 10:30:58 - agent_manager - INFO - Agent Manager inicializado
2026-02-21 10:30:59 - voip_auto_dialer - INFO - Sistema de logging inicializado
2026-02-21 10:30:59 - extension_manager - INFO - Extension Manager inicializado: 502 extensiones
2026-02-21 10:30:59 - agent_manager - INFO - Agent Manager inicializado
2026-02-21 10:30:59 - system_events - INFO - [STARTUP] Servidor web iniciado
2026-02-21 10:30:59 - web_server - INFO - VoIP Auto Dialer Web Server iniciado
2026-02-21 10:30:59 - web_server - INFO - Agentes cargados: 7
2026-02-21 10:30:59 - web_server - INFO - Extensiones disponibles: 0
2026-02-21 10:32:24 - system_events - INFO - [SHUTDOWN] Servidor web cerrando
2026-02-21 10:32:24 - web_server - INFO - Cerrando servidor web...
2026-02-21 15:39:31 - voip_auto_dialer - INFO - Sistema de logging inicializado
2026-02-21 15:39:31 - extension_manager - INFO - Extension Manager inicializado: 502 extensiones
2026-02-21 15:39:31 - agent_manager - INFO - Agent Manager inicializado
2026-02-21 15:39:31 - voip_auto_dialer - INFO - Sistema de logging inicializado
2026-02-21 15:39:31 - extension_manager - INFO - Extension Manager inicializado: 502 extensiones
2026-02-21 15:39:31 - agent_manager - INFO - Agent Manager inicializado
2026-02-21 15:39:32 - system_events - INFO - [STARTUP] Servidor web iniciado
2026-02-21 15:39:32 - web_server - INFO - VoIP Auto Dialer Web Server iniciado
2026-02-21 15:39:32 - web_server - INFO - Agentes cargados: 7
2026-02-21 15:39:32 - web_server - INFO - Extensiones disponibles: 0
2026-02-21 15:47:57 - system_events - INFO - [SHUTDOWN] Servidor web cerrando
2026-02-21 15:47:57 - web_server - INFO - Cerrando servidor web...
2026-02-21 15:48:00 - voip_auto_dialer - INFO - Sistema de logging inicializado
2026-02-21 15:48:00 - extension_manager - INFO - Extension Manager inicializado: 502 extensiones
2026-02-21 15:48:00 - agent_manager - INFO - Agent Manager inicializado
2026-02-21 15:48:01 - voip_auto_dialer - INFO - Sistema de logging inicializado
2026-02-21 15:48:01 - extension_manager - INFO - Extension Manager inicializado: 502 extensiones
2026-02-21 15:48:01 - agent_manager - INFO - Agent Manager inicializado
2026-02-21 15:48:01 - system_events - INFO - [STARTUP] Servidor web iniciado
2026-02-21 15:48:01 - web_server - INFO - VoIP Auto Dialer Web Server iniciado
2026-02-21 15:48:01 - web_server - INFO - Agentes cargados: 7
2026-02-21 15:48:01 - web_server - INFO - Extensiones disponibles: 0
2026-02-21 21:19:29 - system_events - INFO - [SHUTDOWN] Servidor web cerrando
2026-02-21 21:19:29 - web_server - INFO - Cerrando servidor web...
2026-02-21 21:19:31 - voip_auto_dialer - INFO - Sistema de logging inicializado
2026-02-21 21:19:31 - extension_manager - INFO - Extension Manager inicializado: 502 extensiones
2026-02-21 21:19:31 - agent_manager - INFO - Agent Manager inicializado
2026-02-21 21:19:31 - system_events - INFO - [STARTUP] Servidor web iniciado
2026-02-21 21:19:31 - web_server - INFO - VoIP Auto Dialer Web Server iniciado
2026-02-21 21:19:31 - web_server - INFO - Agentes cargados: 7
2026-02-21 21:19:31 - web_server - INFO - Extensiones disponibles: 0
2026-02-21 21:19:44 - system_events - INFO - [SHUTDOWN] Servidor web cerrando
2026-02-21 21:19:44 - web_server - INFO - Cerrando servidor web...
2026-02-21 21:19:45 - voip_auto_dialer - INFO - Sistema de logging inicializado
2026-02-21 21:19:45 - extension_manager - INFO - Extension Manager inicializado: 502 extensiones
2026-02-21 21:19:45 - agent_manager - INFO - Agent Manager inicializado
2026-02-21 21:19:45 - system_events - INFO - [STARTUP] Servidor web iniciado
2026-02-21 21:19:45 - web_server - INFO - VoIP Auto Dialer Web Server iniciado
2026-02-21 21:19:45 - web_server - INFO - Agentes cargados: 7
2026-02-21 21:19:45 - web_server - INFO - Extensiones disponibles: 0
2026-02-21 21:22:26 - system_events - INFO - [SHUTDOWN] Servidor web cerrando
2026-02-21 21:22:26 - web_server - INFO - Cerrando servidor web...
2026-02-21 21:22:32 - voip_auto_dialer - INFO - Sistema de logging inicializado
2026-02-21 21:22:32 - extension_manager - INFO - Extension Manager inicializado: 502 extensiones
2026-02-21 21:22:32 - agent_manager - INFO - Agent Manager inicializado
2026-02-21 21:22:33 - voip_auto_dialer - INFO - Sistema de logging inicializado
2026-02-21 21:22:33 - extension_manager - INFO - Extension Manager inicializado: 502 extensiones
2026-02-21 21:22:33 - agent_manager - INFO - Agent Manager inicializado
2026-02-21 21:22:33 - system_events - INFO - [STARTUP] Servidor web iniciado
2026-02-21 21:22:33 - web_server - INFO - VoIP Auto Dialer Web Server iniciado
2026-02-21 21:22:33 - web_server - INFO - Agentes cargados: 7
2026-02-21 21:22:33 - web_server - INFO - Extensiones disponibles: 0
2026-02-21 21:42:42 - system_events - INFO - [SHUTDOWN] Servidor web cerrando
2026-02-21 21:42:42 - web_server - INFO - Cerrando servidor web...
2026-02-21 21:42:44 - voip_auto_dialer - INFO - Sistema de logging inicializado
2026-02-21 21:42:44 - extension_manager - INFO - Extension Manager inicializado: 502 extensiones
2026-02-21 21:42:44 - agent_manager - INFO - Agent Manager inicializado
2026-02-21 21:42:44 - system_events - INFO - [STARTUP] Servidor web iniciado
2026-02-21 21:42:44 - web_server - INFO - VoIP Auto Dialer Web Server iniciado
2026-02-21 21:42:44 - web_server - INFO - Agentes cargados: 7
2026-02-21 21:42:44 - web_server - INFO - Extensiones disponibles: 0
2026-02-21 21:43:45 - system_events - INFO - [SHUTDOWN] Servidor web cerrando
2026-02-21 21:43:45 - web_server - INFO - Cerrando servidor web...
2026-02-21 21:43:46 - voip_auto_dialer - INFO - Sistema de logging inicializado
2026-02-21 21:43:46 - extension_manager - INFO - Extension Manager inicializado: 502 extensiones
2026-02-21 21:43:46 - agent_manager - INFO - Agent Manager inicializado
2026-02-21 21:43:46 - system_events - INFO - [STARTUP] Servidor web iniciado
2026-02-21 21:43:46 - web_server - INFO - VoIP Auto Dialer Web Server iniciado
2026-02-21 21:43:46 - web_server - INFO - Agentes cargados: 7
2026-02-21 21:43:46 - web_server - INFO - Extensiones disponibles: 0
2026-02-21 22:00:33 - system_events - INFO - [SHUTDOWN] Servidor web cerrando
2026-02-21 22:00:33 - web_server - INFO - Cerrando servidor web...
2026-02-21 22:00:35 - voip_auto_dialer - INFO - Sistema de logging inicializado
2026-02-21 22:00:35 - extension_manager - INFO - Extension Manager inicializado: 502 extensiones
2026-02-21 22:00:35 - agent_manager - INFO - Agent Manager inicializado
2026-02-21 22:00:35 - system_events - INFO - [STARTUP] Servidor web iniciado
2026-02-21 22:00:35 - web_server - INFO - VoIP Auto Dialer Web Server iniciado
2026-02-21 22:00:35 - web_server - INFO - Agentes cargados: 7
2026-02-21 22:00:35 - web_server - INFO - Extensiones disponibles: 0
2026-02-21 22:00:48 - system_events - INFO - [SHUTDOWN] Servidor web cerrando
2026-02-21 22:00:48 - web_server - INFO - Cerrando servidor web...
2026-02-21 22:00:49 - voip_auto_dialer - INFO - Sistema de logging inicializado
2026-02-21 22:00:49 - extension_manager - INFO - Extension Manager inicializado: 502 extensiones
2026-02-21 22:00:49 - agent_manager - INFO - Agent Manager inicializado
2026-02-21 22:00:49 - system_events - INFO - [STARTUP] Servidor web iniciado
2026-02-21 22:00:49 - web_server - INFO - VoIP Auto Dialer Web Server iniciado
2026-02-21 22:00:49 - web_server - INFO - Agentes cargados: 7
2026-02-21 22:00:49 - web_server - INFO - Extensiones disponibles: 0
2026-02-21 22:02:44 - system_events - INFO - [SHUTDOWN] Servidor web cerrando
2026-02-21 22:02:44 - web_server - INFO - Cerrando servidor web...
2026-02-21 22:02:45 - voip_auto_dialer - INFO - Sistema de logging inicializado
2026-02-21 22:02:45 - extension_manager - INFO - Extension Manager inicializado: 502 extensiones
2026-02-21 22:02:45 - agent_manager - INFO - Agent Manager inicializado
2026-02-21 22:02:46 - system_events - INFO - [STARTUP] Servidor web iniciado
2026-02-21 22:02:46 - web_server - INFO - VoIP Auto Dialer Web Server iniciado
2026-02-21 22:02:46 - web_server - INFO - Agentes cargados: 7
2026-02-21 22:02:46 - web_server - INFO - Extensiones disponibles: 0
2026-02-21 22:06:44 - system_events - INFO - [SHUTDOWN] Servidor web cerrando
2026-02-21 22:06:44 - web_server - INFO - Cerrando servidor web...
2026-02-21 22:06:47 - voip_auto_dialer - INFO - Sistema de logging inicializado
2026-02-21 22:06:47 - extension_manager - INFO - Extension Manager inicializado: 502 extensiones
2026-02-21 22:06:47 - agent_manager - INFO - Agent Manager inicializado
2026-02-21 22:06:47 - voip_auto_dialer - INFO - Sistema de logging inicializado
2026-02-21 22:06:47 - extension_manager - INFO - Extension Manager inicializado: 502 extensiones
2026-02-21 22:06:47 - agent_manager - INFO - Agent Manager inicializado
2026-02-21 22:06:47 - system_events - INFO - [STARTUP] Servidor web iniciado
2026-02-21 22:06:47 - web_server - INFO - VoIP Auto Dialer Web Server iniciado
2026-02-21 22:06:47 - web_server - INFO - Agentes cargados: 7
2026-02-21 22:06:47 - web_server - INFO - Extensiones disponibles: 0
2026-02-21 22:30:49 - system_events - INFO - [SHUTDOWN] Servidor web cerrando
2026-02-21 22:30:49 - web_server - INFO - Cerrando servidor web...
2026-02-23 13:09:34 - voip_auto_dialer - INFO - Sistema de logging inicializado
2026-02-23 13:09:34 - extension_manager - INFO - Extension Manager inicializado: 502 extensiones
2026-02-23 13:09:34 - agent_manager - INFO - Agent Manager inicializado
2026-02-23 13:09:35 - voip_auto_dialer - INFO - Sistema de logging inicializado
2026-02-23 13:09:35 - extension_manager - INFO - Extension Manager inicializado: 502 extensiones
2026-02-23 13:09:35 - agent_manager - INFO - Agent Manager inicializado
2026-02-23 13:09:35 - system_events - INFO - [STARTUP] Servidor web iniciado
2026-02-23 13:09:35 - web_server - INFO - VoIP Auto Dialer Web Server iniciado
2026-02-23 13:09:35 - web_server - INFO - Agentes cargados: 7
2026-02-23 13:09:35 - web_server - INFO - Extensiones disponibles: 0
2026-02-23 13:11:24 - agent_manager - INFO - Agente creado: 123 (agent_199e1b95)
2026-02-23 13:14:28 - system_events - INFO - [SHUTDOWN] Servidor web cerrando
2026-02-23 13:14:28 - web_server - INFO - Cerrando servidor web...
2026-02-23 13:21:26 - voip_auto_dialer - INFO - Sistema de logging inicializado
2026-02-23 13:21:26 - extension_manager - INFO - Extension Manager inicializado: 502 extensiones
2026-02-23 13:21:26 - agent_manager - INFO - Agent Manager inicializado
2026-02-23 13:21:27 - voip_auto_dialer - INFO - Sistema de logging inicializado
2026-02-23 13:21:27 - extension_manager - INFO - Extension Manager inicializado: 502 extensiones
2026-02-23 13:21:27 - agent_manager - INFO - Agent Manager inicializado
2026-02-23 13:21:27 - system_events - INFO - [STARTUP] Servidor web iniciado
2026-02-23 13:21:27 - web_server - INFO - VoIP Auto Dialer Web Server iniciado
2026-02-23 13:21:27 - web_server - INFO - Agentes cargados: 8
2026-02-23 13:21:27 - web_server - INFO - Extensiones disponibles: 0
2026-02-23 14:34:41 - system_events - INFO - [SHUTDOWN] Servidor web cerrando
2026-02-23 14:34:41 - web_server - INFO - Cerrando servidor web...
2026-02-23 14:34:43 - voip_auto_dialer - INFO - Sistema de logging inicializado
2026-02-23 14:34:43 - extension_manager - INFO - Extension Manager inicializado: 502 extensiones
2026-02-23 14:34:43 - agent_manager - INFO - Agent Manager inicializado
2026-02-23 14:34:43 - system_events - INFO - [STARTUP] Servidor web iniciado
2026-02-23 14:34:43 - web_server - INFO - VoIP Auto Dialer Web Server iniciado
2026-02-23 14:34:43 - web_server - INFO - Agentes cargados: 8
2026-02-23 14:34:43 - web_server - INFO - Extensiones disponibles: 0
2026-02-23 14:34:59 - system_events - INFO - [SHUTDOWN] Servidor web cerrando
2026-02-23 14:34:59 - web_server - INFO - Cerrando servidor web...
2026-02-23 14:35:00 - voip_auto_dialer - INFO - Sistema de logging inicializado
2026-02-23 14:35:00 - extension_manager - INFO - Extension Manager inicializado: 502 extensiones
2026-02-23 14:35:00 - agent_manager - INFO - Agent Manager inicializado
2026-02-23 14:35:00 - system_events - INFO - [STARTUP] Servidor web iniciado
2026-02-23 14:35:00 - web_server - INFO - VoIP Auto Dialer Web Server iniciado
2026-02-23 14:35:00 - web_server - INFO - Agentes cargados: 8
2026-02-23 14:35:00 - web_server - INFO - Extensiones disponibles: 0
2026-02-23 14:36:14 - agent_manager - INFO - Agente creado: Test Agent 143614 (agent_e0ed6a8b)
2026-02-23 14:37:00 - voip_auto_dialer - INFO - Sistema de logging inicializado
2026-02-23 14:37:00 - extension_manager - INFO - Extension Manager inicializado: 502 extensiones
2026-02-23 14:37:00 - voip_auto_dialer - INFO - Sistema de logging inicializado
2026-02-23 14:37:00 - extension_manager - INFO - Extension Manager inicializado: 502 extensiones
2026-02-23 14:37:00 - agent_manager - INFO - Agent Manager inicializado
2026-02-23 14:43:00 - system_events - INFO - [SHUTDOWN] Servidor web cerrando
2026-02-23 14:43:00 - web_server - INFO - Cerrando servidor web...
2026-02-23 14:43:02 - voip_auto_dialer - INFO - Sistema de logging inicializado
2026-02-23 14:43:02 - extension_manager - INFO - Extension Manager inicializado: 502 extensiones
2026-02-23 14:43:02 - agent_manager - INFO - Agent Manager inicializado
2026-02-23 14:43:02 - system_events - INFO - [STARTUP] Servidor web iniciado
2026-02-23 14:43:02 - web_server - INFO - VoIP Auto Dialer Web Server iniciado
2026-02-23 14:43:02 - web_server - INFO - Agentes cargados: 9
2026-02-23 14:43:02 - web_server - INFO - Extensiones disponibles: 0
2026-02-23 14:43:13 - system_events - INFO - [SHUTDOWN] Servidor web cerrando
2026-02-23 14:43:13 - web_server - INFO - Cerrando servidor web...
2026-02-23 14:43:14 - voip_auto_dialer - INFO - Sistema de logging inicializado
2026-02-23 14:43:14 - extension_manager - INFO - Extension Manager inicializado: 502 extensiones
2026-02-23 14:43:14 - agent_manager - INFO - Agent Manager inicializado
2026-02-23 14:43:14 - system_events - INFO - [STARTUP] Servidor web iniciado
2026-02-23 14:43:14 - web_server - INFO - VoIP Auto Dialer Web Server iniciado
2026-02-23 14:43:14 - web_server - INFO - Agentes cargados: 9
2026-02-23 14:43:14 - web_server - INFO - Extensiones disponibles: 0
2026-02-23 14:43:42 - system_events - INFO - [SHUTDOWN] Servidor web cerrando
2026-02-23 14:43:42 - web_server - INFO - Cerrando servidor web...
2026-02-23 14:43:43 - voip_auto_dialer - INFO - Sistema de logging inicializado
2026-02-23 14:43:43 - extension_manager - INFO - Extension Manager inicializado: 502 extensiones
2026-02-23 14:43:43 - agent_manager - INFO - Agent Manager inicializado
2026-02-23 14:43:43 - system_events - INFO - [STARTUP] Servidor web iniciado
2026-02-23 14:43:43 - web_server - INFO - VoIP Auto Dialer Web Server iniciado
2026-02-23 14:43:43 - web_server - INFO - Agentes cargados: 9
2026-02-23 14:43:43 - web_server - INFO - Extensiones disponibles: 0
2026-02-23 14:43:47 - voip_auto_dialer - INFO - Sistema de logging inicializado
2026-02-23 14:43:47 - extension_manager - INFO - Extension Manager inicializado: 502 extensiones
2026-02-23 14:43:47 - agent_manager - INFO - Agent Manager inicializado
2026-02-23 14:44:15 - system_events - INFO - [SHUTDOWN] Servidor web cerrando
2026-02-23 14:44:15 - web_server - INFO - Cerrando servidor web...
2026-02-23 14:44:17 - voip_auto_dialer - INFO - Sistema de logging inicializado
2026-02-23 14:44:17 - extension_manager - INFO - Extension Manager inicializado: 502 extensiones
2026-02-23 14:44:17 - agent_manager - INFO - Agent Manager inicializado
2026-02-23 14:44:17 - system_events - INFO - [STARTUP] Servidor web iniciado
2026-02-23 14:44:17 - web_server - INFO - VoIP Auto Dialer Web Server iniciado
2026-02-23 14:44:17 - web_server - INFO - Agentes cargados: 9
2026-02-23 14:44:17 - web_server - INFO - Extensiones disponibles: 0
2026-02-23 14:44:25 - system_events - INFO - [SHUTDOWN] Servidor web cerrando
2026-02-23 14:44:25 - web_server - INFO - Cerrando servidor web...
2026-02-23 14:44:26 - voip_auto_dialer - INFO - Sistema de logging inicializado
2026-02-23 14:44:26 - extension_manager - INFO - Extension Manager inicializado: 502 extensiones
2026-02-23 14:44:26 - agent_manager - INFO - Agent Manager inicializado
2026-02-23 14:44:27 - system_events - INFO - [STARTUP] Servidor web iniciado
2026-02-23 14:44:27 - web_server - INFO - VoIP Auto Dialer Web Server iniciado
2026-02-23 14:44:27 - web_server - INFO - Agentes cargados: 9
2026-02-23 14:44:27 - web_server - INFO - Extensiones disponibles: 0
2026-02-23 14:45:13 - system_events - INFO - [SHUTDOWN] Servidor web cerrando
2026-02-23 14:45:13 - web_server - INFO - Cerrando servidor web...
2026-02-23 14:45:14 - voip_auto_dialer - INFO - Sistema de logging inicializado
2026-02-23 14:45:14 - extension_manager - INFO - Extension Manager inicializado: 502 extensiones
2026-02-23 14:45:14 - agent_manager - INFO - Agent Manager inicializado
2026-02-23 14:45:14 - system_events - INFO - [STARTUP] Servidor web iniciado
2026-02-23 14:45:14 - web_server - INFO - VoIP Auto Dialer Web Server iniciado
2026-02-23 14:45:14 - web_server - INFO - Agentes cargados: 9
2026-02-23 14:45:14 - web_server - INFO - Extensiones disponibles: 0
2026-02-23 14:45:57 - system_events - INFO - [SHUTDOWN] Servidor web cerrando
2026-02-23 14:45:57 - web_server - INFO - Cerrando servidor web...
2026-02-23 14:46:06 - voip_auto_dialer - INFO - Sistema de logging inicializado
2026-02-23 14:46:06 - extension_manager - INFO - Extension Manager inicializado: 502 extensiones
2026-02-23 14:46:06 - agent_manager - INFO - Agent Manager inicializado
2026-02-23 14:46:06 - voip_auto_dialer - INFO - Sistema de logging inicializado
2026-02-23 14:46:06 - extension_manager - INFO - Extension Manager inicializado: 502 extensiones
2026-02-23 14:46:06 - agent_manager - INFO - Agent Manager inicializado
2026-02-23 14:46:06 - system_events - INFO - [STARTUP] Servidor web iniciado
2026-02-23 14:46:06 - web_server - INFO - VoIP Auto Dialer Web Server iniciado
2026-02-23 14:46:06 - web_server - INFO - Agentes cargados: 9
2026-02-23 14:46:06 - web_server - INFO - Extensiones disponibles: 0
2026-02-23 14:46:09 - system_events - INFO - [SHUTDOWN] Servidor web cerrando
2026-02-23 14:46:09 - web_server - INFO - Cerrando servidor web...
2026-02-23 14:46:35 - voip_auto_dialer - INFO - Sistema de logging inicializado
2026-02-23 14:46:35 - extension_manager - INFO - Extension Manager inicializado: 502 extensiones
2026-02-23 14:46:35 - agent_manager - INFO - Agent Manager inicializado
2026-02-23 14:46:36 - voip_auto_dialer - INFO - Sistema de logging inicializado
2026-02-23 14:46:36 - extension_manager - INFO - Extension Manager inicializado: 502 extensiones
2026-02-23 14:46:36 - agent_manager - INFO - Agent Manager inicializado
2026-02-23 14:46:36 - system_events - INFO - [STARTUP] Servidor web iniciado
2026-02-23 14:46:36 - web_server - INFO - VoIP Auto Dialer Web Server iniciado
2026-02-23 14:46:36 - web_server - INFO - Agentes cargados: 9
2026-02-23 14:46:36 - web_server - INFO - Extensiones disponibles: 0
2026-02-23 14:48:04 - agent_manager - INFO - Agente creado: Test Agent 144803 (agent_4272a25f)
2026-02-23 14:51:24 - system_events - INFO - [SHUTDOWN] Servidor web cerrando
2026-02-23 14:51:24 - web_server - INFO - Cerrando servidor web...
2026-02-23 14:54:36 - voip_auto_dialer - INFO - Sistema de logging inicializado
2026-02-23 14:54:36 - extension_manager - INFO - Extension Manager inicializado: 502 extensiones
2026-02-23 14:54:36 - agent_manager - INFO - Agent Manager inicializado
2026-02-23 14:54:37 - voip_auto_dialer - INFO - Sistema de logging inicializado
2026-02-23 14:54:37 - extension_manager - INFO - Extension Manager inicializado: 502 extensiones
2026-02-23 14:54:37 - agent_manager - INFO - Agent Manager inicializado
2026-02-23 14:54:37 - system_events - INFO - [STARTUP] Servidor web iniciado
2026-02-23 14:54:37 - web_server - INFO - VoIP Auto Dialer Web Server iniciado
2026-02-23 14:54:37 - web_server - INFO - Agentes cargados: 10
2026-02-23 14:54:37 - web_server - INFO - Extensiones disponibles: 0
2026-02-23 14:55:12 - system_events - INFO - [SHUTDOWN] Servidor web cerrando
2026-02-23 14:55:12 - web_server - INFO - Cerrando servidor web...
2026-02-23 14:55:14 - voip_auto_dialer - INFO - Sistema de logging inicializado
2026-02-23 14:55:14 - extension_manager - INFO - Extension Manager inicializado: 502 extensiones
2026-02-23 14:55:14 - agent_manager - INFO - Agent Manager inicializado
2026-02-23 14:55:14 - system_events - INFO - [STARTUP] Servidor web iniciado
2026-02-23 14:55:14 - web_server - INFO - VoIP Auto Dialer Web Server iniciado
2026-02-23 14:55:14 - web_server - INFO - Agentes cargados: 10
2026-02-23 14:55:14 - web_server - INFO - Extensiones disponibles: 0
2026-02-23 14:56:17 - agent_manager - INFO - Agente creado: Test Agent 145617 (agent_6da657b2)
2026-02-23 15:02:24 - system_events - INFO - [SHUTDOWN] Servidor web cerrando
2026-02-23 15:02:24 - web_server - INFO - Cerrando servidor web...
2026-02-23 15:02:25 - voip_auto_dialer - INFO - Sistema de logging inicializado
2026-02-23 15:02:25 - extension_manager - INFO - Extension Manager inicializado: 502 extensiones
2026-02-23 15:02:25 - agent_manager - INFO - Agent Manager inicializado
2026-02-23 15:02:26 - system_events - INFO - [STARTUP] Servidor web iniciado
2026-02-23 15:02:26 - web_server - INFO - VoIP Auto Dialer Web Server iniciado
2026-02-23 15:02:26 - web_server - INFO - Agentes cargados: 11
2026-02-23 15:02:26 - web_server - INFO - Extensiones disponibles: 0
2026-02-23 15:02:35 - system_events - INFO - [SHUTDOWN] Servidor web cerrando
2026-02-23 15:02:35 - web_server - INFO - Cerrando servidor web...
2026-02-23 15:02:37 - voip_auto_dialer - INFO - Sistema de logging inicializado
2026-02-23 15:02:37 - extension_manager - INFO - Extension Manager inicializado: 502 extensiones
2026-02-23 15:02:37 - agent_manager - INFO - Agent Manager inicializado
2026-02-23 15:02:37 - system_events - INFO - [STARTUP] Servidor web iniciado
2026-02-23 15:02:37 - web_server - INFO - VoIP Auto Dialer Web Server iniciado
2026-02-23 15:02:37 - web_server - INFO - Agentes cargados: 11
2026-02-23 15:02:37 - web_server - INFO - Extensiones disponibles: 0
2026-02-23 15:04:25 - system_events - INFO - [SHUTDOWN] Servidor web cerrando
2026-02-23 15:04:25 - web_server - INFO - Cerrando servidor web...
2026-02-23 15:04:27 - voip_auto_dialer - INFO - Sistema de logging inicializado
2026-02-23 15:04:27 - extension_manager - INFO - Extension Manager inicializado: 502 extensiones
2026-02-23 15:04:27 - agent_manager - INFO - Agent Manager inicializado
2026-02-23 15:04:28 - voip_auto_dialer - INFO - Sistema de logging inicializado
2026-02-23 15:04:28 - extension_manager - INFO - Extension Manager inicializado: 502 extensiones
2026-02-23 15:04:28 - agent_manager - INFO - Agent Manager inicializado
2026-02-23 15:04:28 - system_events - INFO - [STARTUP] Servidor web iniciado
2026-02-23 15:04:28 - web_server - INFO - VoIP Auto Dialer Web Server iniciado
2026-02-23 15:04:28 - web_server - INFO - Agentes cargados: 11
2026-02-23 15:04:28 - web_server - INFO - Extensiones disponibles: 0
2026-02-23 15:04:34 - system_events - INFO - [SHUTDOWN] Servidor web cerrando
2026-02-23 15:04:34 - web_server - INFO - Cerrando servidor web...
2026-02-23 15:05:08 - voip_auto_dialer - INFO - Sistema de logging inicializado
2026-02-23 15:05:08 - extension_manager - INFO - Extension Manager inicializado: 502 extensiones
2026-02-23 15:05:08 - agent_manager - INFO - Agent Manager inicializado
2026-02-23 15:05:08 - voip_auto_dialer - INFO - Sistema de logging inicializado
2026-02-23 15:05:08 - extension_manager - INFO - Extension Manager inicializado: 502 extensiones
2026-02-23 15:05:08 - agent_manager - INFO - Agent Manager inicializado
2026-02-23 15:05:08 - system_events - INFO - [STARTUP] Servidor web iniciado
2026-02-23 15:05:08 - web_server - INFO - VoIP Auto Dialer Web Server iniciado
2026-02-23 15:05:08 - web_server - INFO - Agentes cargados: 11
2026-02-23 15:05:08 - web_server - INFO - Extensiones disponibles: 502
2026-02-23 15:05:14 - agent_manager - INFO - Agente creado: Test Agent 150514 (agent_e8b1d0ed)
2026-02-23 15:06:44 - system_events - INFO - [SHUTDOWN] Servidor web cerrando
2026-02-23 15:06:44 - web_server - INFO - Cerrando servidor web...
2026-02-23 15:07:31 - voip_auto_dialer - INFO - Sistema de logging inicializado
2026-02-23 15:07:31 - extension_manager - INFO - Extension Manager inicializado: 502 extensiones
2026-02-23 15:07:31 - agent_manager - INFO - Agent Manager inicializado
2026-02-23 15:07:31 - agent_manager - INFO - Agente creado: Test Agent Verification (agent_e057174f)
2026-02-23 15:07:44 - voip_auto_dialer - INFO - Sistema de logging inicializado
2026-02-23 15:07:44 - extension_manager - INFO - Extension Manager inicializado: 502 extensiones
2026-02-23 15:07:44 - agent_manager - INFO - Agent Manager inicializado
2026-02-23 15:07:44 - voip_auto_dialer - INFO - Sistema de logging inicializado
2026-02-23 15:07:44 - extension_manager - INFO - Extension Manager inicializado: 502 extensiones
2026-02-23 15:07:44 - agent_manager - INFO - Agent Manager inicializado
2026-02-23 15:07:45 - system_events - INFO - [STARTUP] Servidor web iniciado
2026-02-23 15:07:45 - web_server - INFO - VoIP Auto Dialer Web Server iniciado
2026-02-23 15:07:45 - web_server - INFO - Agentes cargados: 13
2026-02-23 15:07:45 - web_server - INFO - Extensiones disponibles: 502
2026-02-23 15:07:57 - agent_manager - INFO - Agente creado: Test Agent 150757 (agent_927ee3e7)
2026-02-23 15:08:22 - system_events - INFO - [SHUTDOWN] Servidor web cerrando
2026-02-23 15:08:22 - web_server - INFO - Cerrando servidor web...
2026-02-23 15:08:25 - voip_auto_dialer - INFO - Sistema de logging inicializado
2026-02-23 15:08:25 - extension_manager - INFO - Extension Manager inicializado: 502 extensiones
2026-02-23 15:08:25 - agent_manager - INFO - Agent Manager inicializado
2026-02-23 15:08:25 - voip_auto_dialer - INFO - Sistema de logging inicializado
2026-02-23 15:08:25 - extension_manager - INFO - Extension Manager inicializado: 502 extensiones
2026-02-23 15:08:25 - agent_manager - INFO - Agent Manager inicializado
2026-02-23 15:08:26 - system_events - INFO - [STARTUP] Servidor web iniciado
2026-02-23 15:08:26 - web_server - INFO - VoIP Auto Dialer Web Server iniciado
2026-02-23 15:08:26 - web_server - INFO - Agentes cargados: 14
2026-02-23 15:08:26 - web_server - INFO - Extensiones disponibles: 502
2026-02-23 15:08:31 - agent_manager - INFO - Agente creado: Test Agent 150831 (agent_5a02f538)
2026-02-23 15:10:49 - system_events - INFO - [SHUTDOWN] Servidor web cerrando
2026-02-23 15:10:49 - web_server - INFO - Cerrando servidor web...
2026-02-23 15:10:50 - voip_auto_dialer - INFO - Sistema de logging inicializado
2026-02-23 15:10:50 - extension_manager - INFO - Extension Manager inicializado: 502 extensiones
2026-02-23 15:10:50 - agent_manager - INFO - Agent Manager inicializado
2026-02-23 15:10:51 - system_events - INFO - [STARTUP] Servidor web iniciado
2026-02-23 15:10:51 - web_server - INFO - VoIP Auto Dialer Web Server iniciado
2026-02-23 15:10:51 - web_server - INFO - Agentes cargados: 15
2026-02-23 15:10:51 - web_server - INFO - Extensiones disponibles: 502
2026-02-23 15:11:01 - system_events - INFO - [SHUTDOWN] Servidor web cerrando
2026-02-23 15:11:01 - web_server - INFO - Cerrando servidor web...
2026-02-23 15:11:02 - voip_auto_dialer - INFO - Sistema de logging inicializado
2026-02-23 15:11:02 - extension_manager - INFO - Extension Manager inicializado: 502 extensiones
2026-02-23 15:11:02 - agent_manager - INFO - Agent Manager inicializado
2026-02-23 15:11:02 - system_events - INFO - [STARTUP] Servidor web iniciado
2026-02-23 15:11:02 - web_server - INFO - VoIP Auto Dialer Web Server iniciado
2026-02-23 15:11:02 - web_server - INFO - Agentes cargados: 15
2026-02-23 15:11:02 - web_server - INFO - Extensiones disponibles: 502
2026-02-23 15:11:58 - system_events - INFO - [SHUTDOWN] Servidor web cerrando
2026-02-23 15:11:58 - web_server - INFO - Cerrando servidor web...
2026-02-23 15:11:59 - voip_auto_dialer - INFO - Sistema de logging inicializado
2026-02-23 15:11:59 - extension_manager - INFO - Extension Manager inicializado: 502 extensiones
2026-02-23 15:11:59 - agent_manager - INFO - Agent Manager inicializado
2026-02-23 15:12:07 - voip_auto_dialer - INFO - Sistema de logging inicializado
2026-02-23 15:12:07 - extension_manager - INFO - Extension Manager inicializado: 502 extensiones
2026-02-23 15:12:07 - agent_manager - INFO - Agent Manager inicializado
2026-02-23 15:13:00 - voip_auto_dialer - INFO - Sistema de logging inicializado
2026-02-23 15:13:00 - extension_manager - INFO - Extension Manager inicializado: 502 extensiones
2026-02-23 15:13:00 - agent_manager - INFO - Agent Manager inicializado
2026-02-23 15:15:49 - voip_auto_dialer - INFO - Sistema de logging inicializado
2026-02-23 15:15:49 - extension_manager - INFO - Extension Manager inicializado: 502 extensiones
2026-02-23 15:15:49 - agent_manager - INFO - Agent Manager inicializado
2026-02-23 15:15:49 - web_server - INFO - Iniciando servidor web VoIP Auto Dialer
2026-02-23 15:15:57 - voip_auto_dialer - INFO - Sistema de logging inicializado
2026-02-23 15:15:57 - extension_manager - INFO - Extension Manager inicializado: 502 extensiones
2026-02-23 15:15:57 - agent_manager - INFO - Agent Manager inicializado
2026-02-23 15:15:57 - web_server - INFO - Iniciando servidor web VoIP Auto Dialer
2026-02-23 15:20:00 - web_server - ERROR - Error en dashboard: 'agent_stats' is undefined
2026-02-23 15:20:00 - agent_manager - INFO - Agente creado: Test Agent 152000 (agent_60379875)
2026-02-23 15:20:00 - web_server - INFO - Agente creado exitosamente: agent_60379875
2026-02-23 15:20:00 - web_server - ERROR - Error asignando extensión a agent_60379875: 'AgentManager' object has no attribute 'assign_extension'
2026-02-23 15:20:00 - web_server - ERROR - Error en dashboard: 'agent_stats' is undefined
2026-02-23 15:21:56 - voip_auto_dialer - INFO - Sistema de logging inicializado
2026-02-23 15:21:56 - extension_manager - INFO - Extension Manager inicializado: 502 extensiones
2026-02-23 15:25:15 - voip_auto_dialer - INFO - Sistema de logging inicializado
2026-02-23 15:25:15 - extension_manager - INFO - Extension Manager inicializado: 502 extensiones
2026-02-23 15:28:10 - voip_auto_dialer - INFO - Sistema de logging inicializado
2026-02-23 15:28:10 - extension_manager - INFO - Extension Manager inicializado: 502 extensiones
2026-02-23 15:29:08 - voip_auto_dialer - INFO - Sistema de logging inicializado
2026-02-23 15:29:08 - extension_manager - INFO - Extension Manager inicializado: 502 extensiones
2026-02-23 15:29:08 - agent_manager - INFO - Agent Manager inicializado
2026-02-23 15:29:08 - web_server - INFO - Iniciando servidor web VoIP Auto Dialer
2026-02-23 15:29:36 - web_server - ERROR - Error en dashboard: 'campaigns' is undefined
2026-02-23 15:29:36 - agent_manager - INFO - Agente creado: Test Agent 152936 (agent_7da905b0)
2026-02-23 15:29:36 - web_server - INFO - Agente creado exitosamente: agent_7da905b0
2026-02-23 15:29:36 - extension_manager - INFO - Extensiones disponibles encontradas: 501
2026-02-23 15:29:36 - extension_manager - INFO - Extensión 1502 asignada a 1000
2026-02-23 15:29:36 - agent_manager - INFO - Extensión 1000 asignada a agente agent_7da905b0
2026-02-23 15:29:36 - web_server - INFO - Extensión asignada a agente agent_7da905b0
2026-02-23 15:29:36 - web_server - ERROR - Error en dashboard: 'campaigns' is undefined
2026-02-23 15:31:33 - voip_auto_dialer - INFO - Sistema de logging inicializado
2026-02-23 15:31:33 - extension_manager - INFO - Extension Manager inicializado: 503 extensiones
2026-02-23 15:31:33 - agent_manager - INFO - Agent Manager inicializado
2026-02-23 15:31:33 - web_server - INFO - Iniciando servidor web VoIP Auto Dialer
2026-02-23 15:31:58 - web_server - ERROR - Error en dashboard: 'campaigns' is undefined
2026-02-23 15:31:58 - agent_manager - INFO - Agente creado: Test Agent 153158 (agent_90f21eb3)
2026-02-23 15:31:58 - web_server - INFO - Agente creado exitosamente: agent_90f21eb3
2026-02-23 15:31:58 - extension_manager - INFO - Extensiones disponibles encontradas: 502
2026-02-23 15:31:58 - extension_manager - INFO - Extensión 1503 asignada a 1000
2026-02-23 15:31:58 - agent_manager - INFO - Extensión 1000 asignada a agente agent_90f21eb3
2026-02-23 15:31:58 - web_server - INFO - Extensión asignada a agente agent_90f21eb3
2026-02-23 15:31:58 - web_server - ERROR - Error en dashboard: 'campaigns' is undefined
2026-02-23 15:33:13 - voip_auto_dialer - INFO - Sistema de logging inicializado
2026-02-23 15:33:13 - extension_manager - INFO - Extension Manager inicializado: 504 extensiones
2026-02-23 15:33:13 - agent_manager - INFO - Agent Manager inicializado
2026-02-23 15:33:13 - web_server - INFO - Iniciando servidor web VoIP Auto Dialer
2026-02-23 15:33:19 - web_server - ERROR - Error en dashboard: 'campaigns' is undefined
2026-02-23 15:33:19 - agent_manager - INFO - Agente creado: Test Agent 153319 (agent_989f4b31)
2026-02-23 15:33:19 - web_server - INFO - Agente creado exitosamente: agent_989f4b31
2026-02-23 15:33:19 - extension_manager - INFO - Extensiones disponibles encontradas: 503
2026-02-23 15:33:19 - extension_manager - INFO - Extensión 1504 asignada a 1000
2026-02-23 15:33:19 - agent_manager - INFO - Extensión 1000 asignada a agente agent_989f4b31
2026-02-23 15:33:19 - web_server - INFO - Extensión asignada a agente agent_989f4b31
2026-02-23 15:33:19 - web_server - ERROR - Error en dashboard: 'campaigns' is undefined
2026-02-23 15:38:39 - voip_auto_dialer - INFO - Sistema de logging inicializado
2026-02-23 15:38:39 - extension_manager - INFO - Extension Manager inicializado: 505 extensiones
2026-02-23 15:38:39 - agent_manager - INFO - Agent Manager inicializado
2026-02-23 15:38:39 - web_server - INFO - Iniciando servidor web VoIP Auto Dialer
2026-02-23 15:39:47 - web_server - ERROR - Error en dashboard: 'campaigns' is undefined
2026-02-23 15:39:47 - agent_manager - INFO - Agente creado: Test Agent 153947 (agent_4ad2165e)
2026-02-23 15:39:47 - web_server - INFO - Agente creado exitosamente: agent_4ad2165e
2026-02-23 15:39:47 - extension_manager - INFO - Extensiones disponibles encontradas: 504
2026-02-23 15:39:47 - extension_manager - INFO - Extensión 1505 asignada a 1000
2026-02-23 15:39:47 - agent_manager - INFO - Extensión 1000 asignada a agente agent_4ad2165e
2026-02-23 15:39:47 - web_server - INFO - Extensión asignada a agente agent_4ad2165e
2026-02-23 15:39:47 - web_server - ERROR - Error en dashboard: 'campaigns' is undefined
2026-02-23 15:39:47 - web_server - ERROR - Error en página de campañas: 'campaigns' is undefined
2026-02-23 15:40:22 - web_server - ERROR - Error en dashboard: 'campaigns' is undefined
2026-02-23 15:42:36 - voip_auto_dialer - INFO - Sistema de logging inicializado
2026-02-23 15:42:36 - extension_manager - INFO - Extension Manager inicializado: 506 extensiones
2026-02-23 15:42:36 - agent_manager - INFO - Agent Manager inicializado
2026-02-23 15:42:36 - web_server - INFO - Iniciando servidor web VoIP Auto Dialer
2026-02-23 15:42:43 - web_server - ERROR - Error en dashboard: 'campaigns' is undefined
2026-02-23 15:44:26 - voip_auto_dialer - INFO - Sistema de logging inicializado
2026-02-23 15:44:26 - extension_manager - INFO - Extension Manager inicializado: 506 extensiones
2026-02-23 15:44:26 - agent_manager - INFO - Agent Manager inicializado
2026-02-23 15:47:48 - voip_auto_dialer - INFO - Sistema de logging inicializado
2026-02-23 15:47:48 - extension_manager - INFO - Extension Manager inicializado: 506 extensiones
2026-02-23 15:47:48 - agent_manager - INFO - Agent Manager inicializado
2026-02-23 15:51:03 - voip_auto_dialer - INFO - Sistema de logging inicializado
2026-02-23 15:51:03 - extension_manager - INFO - Extension Manager inicializado: 506 extensiones
2026-02-23 15:51:03 - agent_manager - INFO - Agent Manager inicializado
2026-02-23 15:51:03 - web_server - INFO - Iniciando servidor web VoIP Auto Dialer
2026-02-23 15:56:28 - agent_manager - INFO - Agente creado: 123 (agent_4ab309a9)
2026-02-23 15:56:28 - web_server - INFO - Agente creado exitosamente: agent_4ab309a9
2026-02-23 15:56:51 - agent_manager - INFO - Agente creado: Test Agent 155651 (agent_35abd124)
2026-02-23 15:56:51 - web_server - INFO - Agente creado exitosamente: agent_35abd124
2026-02-23 15:56:51 - extension_manager - INFO - Extensiones disponibles encontradas: 505
2026-02-23 15:56:51 - extension_manager - INFO - Extensión 1506 asignada a 1000
2026-02-23 15:56:51 - agent_manager - INFO - Extensión 1000 asignada a agente agent_35abd124
2026-02-23 15:56:51 - web_server - INFO - Extensión asignada a agente agent_35abd124
2026-02-23 16:02:26 - agent_manager - INFO - Agente creado: Test Frontend (agent_7ad0a837)
2026-02-23 16:02:26 - web_server - INFO - Agente creado exitosamente: agent_7ad0a837
2026-02-23 16:13:40 - voip_auto_dialer - INFO - Sistema de logging inicializado
2026-02-23 16:13:40 - extension_manager - INFO - Extension Manager inicializado: 507 extensiones
2026-02-23 16:13:40 - agent_manager - INFO - Agent Manager inicializado
2026-02-23 16:13:40 - web_server - INFO - Iniciando servidor web VoIP Auto Dialer
2026-02-23 16:19:44 - agent_manager - INFO - Agente creado: 123 (agent_82fbb14f)
2026-02-23 16:19:44 - web_server - INFO - Agente creado exitosamente: agent_82fbb14f
2026-02-23 16:20:20 - agent_manager - INFO - Agente creado: Test Usuario (agent_8cdbbaa7)
2026-02-23 16:20:20 - web_server - INFO - Agente creado exitosamente: agent_8cdbbaa7
2026-02-23 16:26:10 - voip_auto_dialer - INFO - Sistema de logging inicializado
2026-02-23 16:26:10 - extension_manager - INFO - Extension Manager inicializado: 507 extensiones
2026-02-23 16:26:10 - agent_manager - INFO - Agent Manager inicializado
2026-02-23 16:26:10 - web_server - INFO - Iniciando servidor web VoIP Auto Dialer
2026-02-23 16:29:30 - web_server - ERROR - Error en página de campañas: 'dict object' has no attribute 'numbers_count'
2026-02-23 16:48:12 - voip_auto_dialer - INFO - Sistema de logging inicializado
2026-02-23 16:48:12 - extension_manager - INFO - Extension Manager inicializado: 507 extensiones
2026-02-23 16:48:12 - agent_manager - INFO - Agent Manager inicializado
2026-02-23 16:48:12 - web_server - INFO - Iniciando servidor web VoIP Auto Dialer
2026-02-23 17:09:16 - voip_auto_dialer - INFO - Sistema de logging inicializado
2026-02-23 17:09:16 - extension_manager - INFO - Extension Manager inicializado: 507 extensiones
2026-02-23 17:09:16 - agent_manager - INFO - Agent Manager inicializado
2026-02-23 17:09:16 - provider_manager - DEBUG - Proveedores guardados exitosamente
2026-02-23 17:09:16 - provider_manager - INFO - Archivo de proveedores creado
2026-02-23 17:09:16 - provider_manager - INFO - Provider Manager inicializado: 0 proveedores
2026-02-23 17:09:16 - web_server - INFO - Iniciando servidor web VoIP Auto Dialer
2026-02-23 17:12:10 - voip_auto_dialer - INFO - Sistema de logging inicializado
2026-02-23 17:12:10 - extension_manager - INFO - Extension Manager inicializado: 507 extensiones
2026-02-23 17:12:10 - agent_manager - INFO - Agent Manager inicializado
2026-02-23 17:12:10 - provider_manager - INFO - Proveedores cargados: 0
2026-02-23 17:12:10 - provider_manager - INFO - Provider Manager inicializado: 0 proveedores
2026-02-23 17:12:10 - web_server - INFO - Iniciando servidor web VoIP Auto Dialer
2026-02-23 17:35:43 - voip_auto_dialer - INFO - Sistema de logging inicializado
2026-02-23 17:35:43 - extension_manager - INFO - Extension Manager inicializado: 507 extensiones
2026-02-23 17:35:43 - agent_manager - INFO - Agent Manager inicializado
2026-02-23 17:35:43 - provider_manager - INFO - Proveedores cargados: 0
2026-02-23 17:35:43 - provider_manager - INFO - Provider Manager inicializado: 0 proveedores
2026-02-23 17:35:43 - softphone_monitor - DEBUG - Softphones registrados guardados
2026-02-23 17:35:43 - softphone_monitor - INFO - Softphone Monitor inicializado
2026-02-23 17:35:43 - web_server - INFO - Iniciando servidor web VoIP Auto Dialer
2026-02-23 17:36:44 - softphone_monitor - INFO - Iniciando escaneo de registros automáticos...
2026-02-23 17:36:54 - softphone_monitor - ERROR - Timeout ejecutando comando Asterisk
2026-02-23 17:36:54 - softphone_monitor - INFO - Escaneo completado: 0 nuevos agentes creados
2026-02-23 17:46:16 - web_server - ERROR - Error obteniendo proveedor stats: 
2026-02-23 17:46:23 - web_server - ERROR - Error obteniendo proveedor asterisk-config: 
2026-02-23 17:46:51 - web_server - ERROR - Error obteniendo proveedor stats: 
2026-02-23 18:29:42 - voip_auto_dialer - INFO - Sistema de logging inicializado
2026-02-23 18:29:42 - extension_manager - INFO - Extension Manager inicializado: 507 extensiones
2026-02-23 18:29:42 - agent_manager - INFO - Agent Manager inicializado
2026-02-23 18:29:42 - asterisk_monitor - INFO - Asterisk Monitor inicializado
2026-02-23 18:30:57 - voip_auto_dialer - INFO - Sistema de logging inicializado
2026-02-23 18:30:57 - extension_manager - INFO - Extension Manager inicializado: 507 extensiones
2026-02-23 18:30:57 - agent_manager - INFO - Agent Manager inicializado
2026-02-23 18:30:57 - asterisk_monitor - INFO - Asterisk Monitor inicializado
2026-02-23 18:36:44 - voip_auto_dialer - INFO - Sistema de logging inicializado
2026-02-23 18:36:44 - extension_manager - INFO - Extension Manager inicializado: 507 extensiones
2026-02-23 18:36:44 - agent_manager - INFO - Agent Manager inicializado
2026-02-23 18:36:44 - asterisk_monitor - INFO - Asterisk Monitor inicializado
2026-02-23 18:36:44 - provider_manager - INFO - Provider Manager inicializado: 0 proveedores
2026-02-23 18:36:44 - softphone_monitor - INFO - Softphones registrados cargados: 0
2026-02-23 18:36:44 - softphone_monitor - INFO - Softphone Monitor inicializado
2026-02-23 18:36:44 - web_server - INFO - Iniciando servidor web VoIP Auto Dialer
2026-02-23 18:36:55 - web_server - ERROR - Error obteniendo proveedor stats: 
2026-02-23 18:43:37 - asterisk_monitor - ERROR - Timeout ejecutando comando 'core show uptime'
2026-02-23 18:43:47 - asterisk_monitor - ERROR - Timeout ejecutando comando 'core show version'
2026-02-23 18:43:53 - agent_manager - INFO - Agente creado: Test Production Agent (agent_b8dae174)
2026-02-23 18:43:53 - web_server - INFO - Agente creado exitosamente: agent_b8dae174
2026-02-23 18:43:53 - extension_manager - INFO - Extensiones disponibles encontradas: 506
2026-02-23 18:43:53 - extension_manager - INFO - Extensión 1507 asignada a 1000
2026-02-23 18:43:53 - agent_manager - INFO - Extensión 1000 asignada a agente agent_b8dae174
2026-02-23 18:43:53 - web_server - INFO - Extensión asignada a agente agent_b8dae174
2026-02-23 18:53:52 - voip_auto_dialer - INFO - Sistema de logging inicializado
2026-02-23 18:53:52 - extension_manager - INFO - Extension Manager inicializado: 508 extensiones
2026-02-23 18:53:52 - agent_manager - INFO - Agent Manager inicializado
2026-02-23 18:53:52 - asterisk_monitor - INFO - Asterisk Monitor inicializado
2026-02-23 18:53:52 - provider_manager - INFO - Provider Manager inicializado: 0 proveedores
2026-02-23 18:53:52 - softphone_monitor - INFO - Softphones registrados cargados: 0
2026-02-23 18:53:52 - softphone_monitor - INFO - Softphone Monitor inicializado
2026-02-23 18:53:52 - web_server - INFO - Iniciando servidor web VoIP Auto Dialer
2026-02-23 18:54:15 - web_server - ERROR - Error obteniendo proveedor stats: 
2026-02-23 18:58:01 - voip_auto_dialer - INFO - Sistema de logging inicializado
2026-02-23 18:58:01 - extension_manager - INFO - Extension Manager inicializado: 508 extensiones
2026-02-23 18:58:01 - agent_manager - INFO - Agent Manager inicializado
2026-02-23 18:58:01 - asterisk_monitor - INFO - Asterisk Monitor inicializado
2026-02-23 18:58:01 - provider_manager - INFO - Provider Manager inicializado: 0 proveedores
2026-02-23 18:58:02 - softphone_monitor - INFO - Softphones registrados cargados: 0
2026-02-23 18:58:02 - softphone_monitor - INFO - Softphone Monitor inicializado
2026-02-23 18:58:02 - web_server - INFO - Iniciando servidor web VoIP Auto Dialer
2026-02-23 18:58:30 - asterisk_monitor - ERROR - Timeout ejecutando comando 'core show uptime'
2026-02-23 18:58:33 - agent_manager - INFO - Agente creado: Test Production Agent (agent_84e76cda)
2026-02-23 18:58:33 - web_server - INFO - Agente creado exitosamente: agent_84e76cda
2026-02-23 18:58:33 - extension_manager - INFO - Extensiones disponibles encontradas: 507
2026-02-23 18:58:33 - extension_manager - INFO - Extensión 1508 asignada a 1000
2026-02-23 18:58:33 - agent_manager - INFO - Extensión 1000 asignada a agente agent_84e76cda
2026-02-23 18:58:33 - web_server - INFO - Extensión asignada a agente agent_84e76cda
2026-02-23 18:59:35 - web_server - ERROR - Error obteniendo proveedor stats: 
2026-02-23 19:02:19 - agent_manager - INFO - Agente eliminado: 123 (agent_bb5f841a)
2026-02-23 19:02:19 - web_server - INFO - Agente eliminado: agent_bb5f841a
2026-02-23 19:02:28 - agent_manager - INFO - Agente eliminado: Azrael Hagen (agent_e41ca012)
2026-02-23 19:02:28 - web_server - INFO - Agente eliminado: agent_e41ca012
2026-02-23 19:02:33 - agent_manager - INFO - Agente eliminado: 123 (agent_c45c4860)
2026-02-23 19:02:33 - web_server - INFO - Agente eliminado: agent_c45c4860
2026-02-23 19:02:36 - agent_manager - INFO - Agente eliminado: 123 (agent_ef21c917)
2026-02-23 19:02:36 - web_server - INFO - Agente eliminado: agent_ef21c917
2026-02-23 19:02:39 - agent_manager - INFO - Agente eliminado: 123 (agent_6f5f6b13)
2026-02-23 19:02:39 - web_server - INFO - Agente eliminado: agent_6f5f6b13
2026-02-23 19:02:43 - agent_manager - INFO - Agente eliminado: 123 (agent_199e1b95)
2026-02-23 19:02:43 - web_server - INFO - Agente eliminado: agent_199e1b95
2026-02-23 19:02:52 - agent_manager - INFO - Agente eliminado: 123 (agent_82fbb14f)
2026-02-23 19:02:52 - web_server - INFO - Agente eliminado: agent_82fbb14f
2026-02-23 19:03:11 - extension_manager - WARNING - No se encontró extensión asignada a agent_7da905b0
2026-02-23 19:03:11 - agent_manager - INFO - Agente eliminado: Test Agent 152936 (agent_7da905b0)
2026-02-23 19:03:11 - web_server - INFO - Agente eliminado: agent_7da905b0
2026-02-23 19:03:17 - extension_manager - WARNING - No se encontró extensión asignada a agent_001
2026-02-23 19:03:17 - agent_manager - INFO - Agente eliminado: Juan Pérez (agent_001)
2026-02-23 19:03:17 - web_server - INFO - Agente eliminado: agent_001
2026-02-23 19:03:20 - extension_manager - INFO - Extensiones disponibles encontradas: 508
2026-02-23 19:03:20 - extension_manager - INFO - Extensión 1509 asignada a 1000
2026-02-23 19:03:20 - agent_manager - INFO - Extensión 1000 asignada a agente agent_a8704e3a
2026-02-23 19:03:20 - web_server - INFO - Extensión asignada a agente agent_a8704e3a
2026-02-23 19:03:26 - agent_manager - INFO - Agente eliminado: Test Agent 143614 (agent_e0ed6a8b)
2026-02-23 19:03:26 - web_server - INFO - Agente eliminado: agent_e0ed6a8b
2026-02-23 19:03:29 - agent_manager - INFO - Agente eliminado: Test Agent 144803 (agent_4272a25f)
2026-02-23 19:03:29 - web_server - INFO - Agente eliminado: agent_4272a25f
2026-02-23 19:03:31 - agent_manager - INFO - Agente eliminado: Test Agent 145617 (agent_6da657b2)
2026-02-23 19:03:31 - web_server - INFO - Agente eliminado: agent_6da657b2
2026-02-23 19:03:33 - agent_manager - INFO - Agente eliminado: Test Agent 150514 (agent_e8b1d0ed)
2026-02-23 19:03:33 - web_server - INFO - Agente eliminado: agent_e8b1d0ed
2026-02-23 19:03:37 - agent_manager - INFO - Agente eliminado: Test Agent Verification (agent_e057174f)
2026-02-23 19:03:37 - web_server - INFO - Agente eliminado: agent_e057174f
2026-02-23 19:03:39 - agent_manager - INFO - Agente eliminado: Test Agent 150757 (agent_927ee3e7)
2026-02-23 19:03:39 - web_server - INFO - Agente eliminado: agent_927ee3e7
2026-02-23 19:03:45 - agent_manager - INFO - Agente eliminado: Test Agent 150831 (agent_5a02f538)
2026-02-23 19:03:45 - web_server - INFO - Agente eliminado: agent_5a02f538
2026-02-23 19:03:47 - agent_manager - INFO - Agente eliminado: Test Agent 152000 (agent_60379875)
2026-02-23 19:03:47 - web_server - INFO - Agente eliminado: agent_60379875
2026-02-23 19:04:38 - extension_manager - WARNING - No se encontró extensión asignada a agent_90f21eb3
2026-02-23 19:04:38 - agent_manager - INFO - Agente eliminado: Test Agent 153158 (agent_90f21eb3)
2026-02-23 19:04:38 - web_server - INFO - Agente eliminado: agent_90f21eb3
2026-02-23 19:04:40 - extension_manager - WARNING - No se encontró extensión asignada a agent_989f4b31
2026-02-23 19:04:40 - agent_manager - INFO - Agente eliminado: Test Agent 153319 (agent_989f4b31)
2026-02-23 19:04:40 - web_server - INFO - Agente eliminado: agent_989f4b31
2026-02-23 19:04:42 - extension_manager - WARNING - No se encontró extensión asignada a agent_4ad2165e
2026-02-23 19:04:42 - agent_manager - INFO - Agente eliminado: Test Agent 153947 (agent_4ad2165e)
2026-02-23 19:04:42 - web_server - INFO - Agente eliminado: agent_4ad2165e
2026-02-23 19:04:45 - agent_manager - INFO - Agente eliminado: 123 (agent_4ab309a9)
2026-02-23 19:04:45 - web_server - INFO - Agente eliminado: agent_4ab309a9
2026-02-23 19:04:48 - extension_manager - WARNING - No se encontró extensión asignada a agent_35abd124
2026-02-23 19:04:48 - agent_manager - INFO - Agente eliminado: Test Agent 155651 (agent_35abd124)
2026-02-23 19:04:48 - web_server - INFO - Agente eliminado: agent_35abd124
2026-02-23 19:04:50 - agent_manager - INFO - Agente eliminado: Test Frontend (agent_7ad0a837)
2026-02-23 19:04:50 - web_server - INFO - Agente eliminado: agent_7ad0a837
2026-02-23 19:04:51 - agent_manager - INFO - Agente eliminado: Test Usuario (agent_8cdbbaa7)
2026-02-23 19:04:51 - web_server - INFO - Agente eliminado: agent_8cdbbaa7
2026-02-23 19:04:54 - extension_manager - WARNING - No se encontró extensión asignada a agent_b8dae174
2026-02-23 19:04:54 - agent_manager - INFO - Agente eliminado: Test Production Agent (agent_b8dae174)
2026-02-23 19:04:54 - web_server - INFO - Agente eliminado: agent_b8dae174
2026-02-23 19:04:56 - extension_manager - WARNING - No se encontró extensión asignada a agent_84e76cda
2026-02-23 19:04:56 - agent_manager - INFO - Agente eliminado: Test Production Agent (agent_84e76cda)
2026-02-23 19:04:56 - web_server - INFO - Agente eliminado: agent_84e76cda
2026-02-23 19:16:22 - voip_auto_dialer - INFO - Sistema de logging inicializado
2026-02-23 19:16:22 - extension_manager - INFO - Extension Manager inicializado: 510 extensiones
2026-02-23 19:16:22 - agent_manager - INFO - Agent Manager inicializado
2026-02-23 19:16:22 - asterisk_monitor - INFO - Asterisk Monitor inicializado
2026-02-23 19:16:22 - provider_manager - INFO - Provider Manager inicializado: 0 proveedores
2026-02-23 19:16:22 - softphone_monitor - INFO - Softphones registrados cargados: 0
2026-02-23 19:16:22 - softphone_monitor - INFO - Softphone Monitor inicializado
2026-02-23 19:16:22 - web_server - INFO - Iniciando servidor web VoIP Auto Dialer
2026-02-23 19:16:34 - web_server - ERROR - Error en dashboard: 'AsteriskMonitor' object has no attribute 'get_realtime_data'
2026-02-23 19:16:34 - softphone_auto_register - INFO - Monitoreo de auto-registro iniciado
2026-02-23 19:16:34 - agent_manager - INFO - Agente creado: Test Agent 95794 (agent_281f9770)
2026-02-23 19:16:34 - web_server - INFO - Agente creado exitosamente: agent_281f9770
2026-02-23 19:16:34 - extension_manager - INFO - Extensiones disponibles encontradas: 509
2026-02-23 19:16:34 - extension_manager - INFO - Extensión 1510 asignada a 1000
2026-02-23 19:16:34 - agent_manager - INFO - Extensión 1000 asignada a agente agent_281f9770
2026-02-23 19:16:34 - web_server - INFO - Extensión asignada a agente agent_281f9770
2026-02-23 19:16:44 - softphone_auto_register - ERROR - Timeout ejecutando comando Asterisk
2026-02-23 19:16:49 - web_server - ERROR - Error en dashboard: 'AsteriskMonitor' object has no attribute 'get_realtime_data'
2026-02-23 19:17:12 - web_server - ERROR - Error en dashboard: 'AsteriskMonitor' object has no attribute 'get_realtime_data'
2026-02-23 19:17:20 - web_server - ERROR - Error en dashboard: 'AsteriskMonitor' object has no attribute 'get_realtime_data'
2026-02-23 19:17:20 - softphone_auto_register - WARNING - El monitoreo ya está activo
2026-02-23 19:17:20 - agent_manager - INFO - Agente creado: Test Agent 95840 (agent_aadc436a)
2026-02-23 19:17:20 - web_server - INFO - Agente creado exitosamente: agent_aadc436a
2026-02-23 19:17:20 - extension_manager - INFO - Extensiones disponibles encontradas: 510
2026-02-23 19:17:20 - extension_manager - INFO - Extensión 1511 asignada a 1000
2026-02-23 19:17:20 - agent_manager - INFO - Extensión 1000 asignada a agente agent_aadc436a
2026-02-23 19:17:20 - web_server - INFO - Extensión asignada a agente agent_aadc436a
2026-02-23 19:23:03 - voip_auto_dialer - INFO - Sistema de logging inicializado
2026-02-23 19:23:03 - extension_manager - INFO - Extension Manager inicializado: 512 extensiones
2026-02-23 19:23:03 - agent_manager - INFO - Agent Manager inicializado
2026-02-23 19:23:03 - asterisk_monitor - INFO - Asterisk Monitor inicializado
2026-02-23 19:23:03 - provider_manager - INFO - Provider Manager inicializado: 0 proveedores
2026-02-23 19:23:03 - softphone_monitor - INFO - Softphones registrados cargados: 0
2026-02-23 19:23:03 - softphone_monitor - INFO - Softphone Monitor inicializado
2026-02-23 19:23:03 - web_server - INFO - Iniciando servidor web VoIP Auto Dialer
2026-02-23 19:23:12 - web_server - WARNING - Error obteniendo datos de Asterisk: 'AsteriskMonitor' object has no attribute 'get_realtime_data'
2026-02-23 19:23:23 - asterisk_monitor - ERROR - Timeout ejecutando comando 'core show uptime'
2026-02-23 19:23:33 - asterisk_monitor - ERROR - Timeout ejecutando comando 'core show version'
2026-02-23 19:23:43 - asterisk_monitor - ERROR - Timeout ejecutando comando 'pjsip show endpoints'
2026-02-23 19:23:53 - asterisk_monitor - ERROR - Timeout ejecutando comando 'core show channels concise'
2026-02-23 19:24:03 - asterisk_monitor - ERROR - Timeout ejecutando comando 'pjsip show registrations'
2026-02-23 19:25:05 - web_server - WARNING - Error obteniendo datos de Asterisk: 'AsteriskMonitor' object has no attribute 'get_realtime_data'
2026-02-23 19:25:05 - web_server - ERROR - Error obteniendo estado en tiempo real: 'AsteriskMonitor' object has no attribute 'get_realtime_data'
2026-02-23 19:25:05 - softphone_auto_register - INFO - Monitoreo de auto-registro iniciado
2026-02-23 19:25:05 - agent_manager - INFO - Agente creado: Test Agent 96305 (agent_7f8f36ef)
2026-02-23 19:25:05 - web_server - INFO - Agente creado exitosamente: agent_7f8f36ef
2026-02-23 19:25:05 - extension_manager - INFO - Extensiones disponibles encontradas: 511
2026-02-23 19:25:05 - extension_manager - INFO - Extensión 1512 asignada a 1000
2026-02-23 19:25:05 - agent_manager - INFO - Extensión 1000 asignada a agente agent_7f8f36ef
2026-02-23 19:25:05 - web_server - INFO - Extensión asignada a agente agent_7f8f36ef
2026-02-23 19:25:47 - web_server - WARNING - Error obteniendo datos de Asterisk: 'AsteriskMonitor' object has no attribute 'get_realtime_data'
2026-02-23 19:25:47 - web_server - ERROR - Error obteniendo estado en tiempo real: 'AsteriskMonitor' object has no attribute 'get_realtime_data'
2026-02-23 19:29:06 - voip_auto_dialer - INFO - Sistema de logging inicializado
2026-02-23 19:29:06 - extension_manager - INFO - Extension Manager inicializado: 513 extensiones
2026-02-23 19:29:06 - agent_manager - INFO - Agent Manager inicializado
2026-02-23 19:29:06 - provider_manager - INFO - Provider Manager inicializado: 0 proveedores
2026-02-23 19:29:06 - softphone_monitor - INFO - Softphones registrados cargados: 0
2026-02-23 19:29:06 - softphone_monitor - INFO - Softphone Monitor inicializado
2026-02-23 19:29:06 - web_server - INFO - Iniciando servidor web VoIP Auto Dialer
2026-02-23 19:29:08 - web_server - ERROR - Error obteniendo datos en tiempo real: 'AsteriskMonitor' object has no attribute 'get_realtime_dashboard_data'
2026-02-23 19:29:18 - web_server - ERROR - Error obteniendo datos en tiempo real: 'AsteriskMonitor' object has no attribute 'get_realtime_dashboard_data'
2026-02-23 19:29:28 - web_server - ERROR - Error obteniendo datos en tiempo real: 'AsteriskMonitor' object has no attribute 'get_realtime_dashboard_data'
2026-02-23 19:29:44 - web_server - ERROR - Error obteniendo datos en tiempo real: 'AsteriskMonitor' object has no attribute 'get_realtime_dashboard_data'
2026-02-23 19:29:44 - web_server - ERROR - Error obteniendo datos en tiempo real: 'AsteriskMonitor' object has no attribute 'get_realtime_dashboard_data'
2026-02-23 19:29:50 - web_server - ERROR - Error obteniendo datos en tiempo real: 'AsteriskMonitor' object has no attribute 'get_realtime_dashboard_data'
2026-02-23 19:30:00 - web_server - ERROR - Error obteniendo datos en tiempo real: 'AsteriskMonitor' object has no attribute 'get_realtime_dashboard_data'
2026-02-23 19:30:10 - web_server - ERROR - Error obteniendo datos en tiempo real: 'AsteriskMonitor' object has no attribute 'get_realtime_dashboard_data'
2026-02-23 19:30:20 - web_server - ERROR - Error obteniendo datos en tiempo real: 'AsteriskMonitor' object has no attribute 'get_realtime_dashboard_data'
2026-02-23 19:30:22 - softphone_auto_register - INFO - Monitoreo de auto-registro iniciado
2026-02-23 19:30:23 - agent_manager - INFO - Agente creado: Test Agent 96623 (agent_f0957d03)
2026-02-23 19:30:23 - web_server - INFO - Agente creado exitosamente: agent_f0957d03
2026-02-23 19:30:23 - extension_manager - INFO - Extensiones disponibles encontradas: 512
2026-02-23 19:30:23 - extension_manager - INFO - Extensión 1513 asignada a 1000
2026-02-23 19:30:23 - agent_manager - INFO - Extensión 1000 asignada a agente agent_f0957d03
2026-02-23 19:30:23 - web_server - INFO - Extensión asignada a agente agent_f0957d03
2026-02-23 19:30:27 - web_server - ERROR - Error obteniendo extensiones en tiempo real: 'AsteriskMonitor' object has no attribute 'get_extensions_status'
2026-02-23 19:30:27 - web_server - ERROR - Error obteniendo llamadas activas: 'AsteriskMonitor' object has no attribute 'get_active_calls'
2026-02-23 19:30:30 - web_server - ERROR - Error obteniendo datos en tiempo real: 'AsteriskMonitor' object has no attribute 'get_realtime_dashboard_data'
2026-02-23 19:35:11 - voip_auto_dialer - INFO - Sistema de logging inicializado
2026-02-23 19:35:11 - extension_manager - INFO - Extension Manager inicializado: 514 extensiones
2026-02-23 19:35:11 - agent_manager - INFO - Agent Manager inicializado
2026-02-23 19:35:11 - provider_manager - INFO - Provider Manager inicializado: 0 proveedores
2026-02-23 19:35:11 - softphone_monitor - INFO - Softphones registrados cargados: 0
2026-02-23 19:35:11 - softphone_monitor - INFO - Softphone Monitor inicializado
2026-02-23 19:35:11 - web_server - INFO - Iniciando servidor web VoIP Auto Dialer
2026-02-23 19:35:32 - web_server - ERROR - Error obteniendo datos en tiempo real: 'AsteriskMonitor' object has no attribute 'get_realtime_dashboard_data'
2026-02-23 19:35:37 - web_server - ERROR - Error obteniendo datos en tiempo real: 'AsteriskMonitor' object has no attribute 'get_realtime_dashboard_data'
2026-02-23 19:35:47 - softphone_auto_register - INFO - Monitoreo de auto-registro iniciado
2026-02-23 19:35:47 - web_server - ERROR - Error obteniendo datos en tiempo real: 'AsteriskMonitor' object has no attribute 'get_realtime_dashboard_data'
2026-02-23 19:35:47 - agent_manager - INFO - Agente creado: Test Agent 96947 (agent_99f5b9e2)
2026-02-23 19:35:47 - web_server - INFO - Agente creado exitosamente: agent_99f5b9e2
2026-02-23 19:35:47 - extension_manager - INFO - Extensiones disponibles encontradas: 513
2026-02-23 19:35:47 - extension_manager - INFO - Extensión 1514 asignada a 1000
2026-02-23 19:35:47 - agent_manager - INFO - Extensión 1000 asignada a agente agent_99f5b9e2
2026-02-23 19:35:47 - web_server - INFO - Extensión asignada a agente agent_99f5b9e2
2026-02-23 19:35:56 - web_server - ERROR - Error obteniendo datos en tiempo real: 'AsteriskMonitor' object has no attribute 'get_realtime_dashboard_data'
2026-02-23 19:35:57 - web_server - ERROR - Error obteniendo datos en tiempo real: 'AsteriskMonitor' object has no attribute 'get_realtime_dashboard_data'
2026-02-23 19:36:07 - web_server - ERROR - Error obteniendo datos en tiempo real: 'AsteriskMonitor' object has no attribute 'get_realtime_dashboard_data'
2026-02-23 19:36:17 - web_server - ERROR - Error obteniendo datos en tiempo real: 'AsteriskMonitor' object has no attribute 'get_realtime_dashboard_data'
2026-02-23 19:36:27 - web_server - ERROR - Error obteniendo datos en tiempo real: 'AsteriskMonitor' object has no attribute 'get_realtime_dashboard_data'
2026-02-23 19:36:38 - web_server - ERROR - Error obteniendo datos en tiempo real: 'AsteriskMonitor' object has no attribute 'get_realtime_dashboard_data'
2026-02-23 19:36:48 - web_server - ERROR - Error obteniendo datos en tiempo real: 'AsteriskMonitor' object has no attribute 'get_realtime_dashboard_data'
2026-02-23 19:36:58 - web_server - ERROR - Error obteniendo datos en tiempo real: 'AsteriskMonitor' object has no attribute 'get_realtime_dashboard_data'
2026-02-23 19:39:33 - voip_auto_dialer - INFO - Sistema de logging inicializado
2026-02-23 19:39:33 - extension_manager - INFO - Extension Manager inicializado: 515 extensiones
2026-02-23 19:39:33 - agent_manager - INFO - Agent Manager inicializado
2026-02-23 19:39:33 - provider_manager - INFO - Provider Manager inicializado: 0 proveedores
2026-02-23 19:39:33 - softphone_monitor - INFO - Softphones registrados cargados: 0
2026-02-23 19:39:33 - softphone_monitor - INFO - Softphone Monitor inicializado
2026-02-23 19:39:33 - web_server - INFO - Iniciando servidor web VoIP Auto Dialer
2026-02-23 19:40:35 - softphone_auto_register - INFO - Monitoreo de auto-registro iniciado
2026-02-23 19:40:35 - agent_manager - INFO - Agente creado: Test Agent 97235 (agent_37fb6058)
2026-02-23 19:40:35 - web_server - INFO - Agente creado exitosamente: agent_37fb6058
2026-02-23 19:40:35 - extension_manager - INFO - Extensiones disponibles encontradas: 514
2026-02-23 19:40:35 - extension_manager - INFO - Extensión 1515 asignada a 1000
2026-02-23 19:40:35 - agent_manager - INFO - Extensión 1000 asignada a agente agent_37fb6058
2026-02-23 19:40:35 - web_server - INFO - Extensión asignada a agente agent_37fb6058
2026-02-23 19:47:06 - voip_auto_dialer - INFO - Sistema de logging inicializado
2026-02-23 19:47:06 - extension_manager - INFO - Extension Manager inicializado: 516 extensiones
2026-02-23 19:47:06 - agent_manager - INFO - Agent Manager inicializado
2026-02-23 19:47:06 - provider_manager - INFO - Provider Manager inicializado: 0 proveedores
2026-02-23 19:47:06 - softphone_monitor - INFO - Softphones registrados cargados: 0
2026-02-23 19:47:06 - softphone_monitor - INFO - Softphone Monitor inicializado
2026-02-23 19:47:06 - web_server - INFO - Iniciando servidor web VoIP Auto Dialer
2026-02-23 19:47:09 - asterisk_monitor - ERROR - Error recopilando datos de Asterisk: 'AsteriskMonitor' object has no attribute '_check_asterisk_status'
2026-02-23 19:47:46 - asterisk_monitor - ERROR - Error recopilando datos de Asterisk: 'AsteriskMonitor' object has no attribute '_check_asterisk_status'
2026-02-23 19:47:46 - softphone_auto_register - INFO - Monitoreo de auto-registro iniciado
2026-02-23 19:47:46 - agent_manager - INFO - Agente creado: Test Agent 97666 (agent_3a06af31)
2026-02-23 19:47:46 - web_server - INFO - Agente creado exitosamente: agent_3a06af31
2026-02-23 19:47:46 - extension_manager - INFO - Extensiones disponibles encontradas: 515
2026-02-23 19:47:46 - extension_manager - INFO - Extensión 1516 asignada a 1000
2026-02-23 19:47:46 - agent_manager - INFO - Extensión 1000 asignada a agente agent_3a06af31
2026-02-23 19:47:46 - web_server - INFO - Extensión asignada a agente agent_3a06af31
2026-02-23 19:47:56 - softphone_auto_register - ERROR - Timeout ejecutando comando Asterisk
2026-02-23 19:48:16 - softphone_auto_register - ERROR - Timeout ejecutando comando Asterisk
2026-02-23 19:48:19 - asterisk_monitor - ERROR - Error recopilando datos de Asterisk: 'AsteriskMonitor' object has no attribute '_check_asterisk_status'
2026-02-23 19:48:36 - softphone_auto_register - ERROR - Timeout ejecutando comando Asterisk
2026-02-23 19:48:50 - asterisk_monitor - ERROR - Error recopilando datos de Asterisk: 'AsteriskMonitor' object has no attribute '_check_asterisk_status'
2026-02-23 19:48:56 - softphone_auto_register - ERROR - Timeout ejecutando comando Asterisk
2026-02-23 19:49:16 - softphone_auto_register - ERROR - Timeout ejecutando comando Asterisk
2026-02-23 19:49:20 - asterisk_monitor - ERROR - Error recopilando datos de Asterisk: 'AsteriskMonitor' object has no attribute '_check_asterisk_status'
2026-02-23 19:49:36 - softphone_auto_register - ERROR - Timeout ejecutando comando Asterisk
2026-02-23 19:49:50 - asterisk_monitor - ERROR - Error recopilando datos de Asterisk: 'AsteriskMonitor' object has no attribute '_check_asterisk_status'
2026-02-23 19:49:56 - softphone_auto_register - ERROR - Timeout ejecutando comando Asterisk
2026-02-23 19:50:16 - softphone_auto_register - ERROR - Timeout ejecutando comando Asterisk
2026-02-23 19:50:20 - asterisk_monitor - ERROR - Error recopilando datos de Asterisk: 'AsteriskMonitor' object has no attribute '_check_asterisk_status'
2026-02-23 19:50:36 - softphone_auto_register - ERROR - Timeout ejecutando comando Asterisk
2026-02-23 19:50:50 - asterisk_monitor - ERROR - Error recopilando datos de Asterisk: 'AsteriskMonitor' object has no attribute '_check_asterisk_status'
2026-02-23 19:50:56 - softphone_auto_register - ERROR - Timeout ejecutando comando Asterisk
2026-02-23 19:51:16 - softphone_auto_register - ERROR - Timeout ejecutando comando Asterisk
2026-02-23 19:51:20 - asterisk_monitor - ERROR - Error recopilando datos de Asterisk: 'AsteriskMonitor' object has no attribute '_check_asterisk_status'
2026-02-23 19:51:36 - softphone_auto_register - ERROR - Timeout ejecutando comando Asterisk
2026-02-23 19:51:56 - softphone_auto_register - ERROR - Timeout ejecutando comando Asterisk
2026-02-23 19:52:00 - asterisk_monitor - ERROR - Error recopilando datos de Asterisk: 'AsteriskMonitor' object has no attribute '_check_asterisk_status'
2026-02-23 19:52:16 - softphone_auto_register - ERROR - Timeout ejecutando comando Asterisk
2026-02-23 19:52:48 - voip_auto_dialer - INFO - Sistema de logging inicializado
2026-02-23 19:52:48 - extension_manager - INFO - Extension Manager inicializado: 517 extensiones
2026-02-23 19:52:48 - agent_manager - INFO - Agent Manager inicializado
2026-02-23 19:52:48 - provider_manager - INFO - Provider Manager inicializado: 0 proveedores
2026-02-23 19:52:48 - softphone_monitor - INFO - Softphones registrados cargados: 0
2026-02-23 19:52:48 - softphone_monitor - INFO - Softphone Monitor inicializado
2026-02-23 19:52:48 - web_server - INFO - Iniciando servidor web VoIP Auto Dialer
2026-02-23 19:52:58 - asterisk_monitor - ERROR - Error recopilando datos de Asterisk: 'AsteriskMonitor' object has no attribute '_check_asterisk_status'
2026-02-23 19:53:23 - softphone_auto_register - INFO - Monitoreo de auto-registro iniciado
2026-02-23 19:53:23 - agent_manager - INFO - Agente creado: Test Agent 98003 (agent_b5fdc585)
2026-02-23 19:53:23 - web_server - INFO - Agente creado exitosamente: agent_b5fdc585
2026-02-23 19:53:23 - extension_manager - INFO - Extensiones disponibles encontradas: 516
2026-02-23 19:53:23 - extension_manager - INFO - Extensión 1517 asignada a 1000
2026-02-23 19:53:23 - agent_manager - INFO - Extensión 1000 asignada a agente agent_b5fdc585
2026-02-23 19:53:23 - web_server - INFO - Extensión asignada a agente agent_b5fdc585
2026-02-23 19:53:29 - asterisk_monitor - ERROR - Error recopilando datos de Asterisk: 'AsteriskMonitor' object has no attribute '_check_asterisk_status'
2026-02-23 19:53:33 - softphone_auto_register - ERROR - Timeout ejecutando comando Asterisk
2026-02-23 19:53:53 - softphone_auto_register - ERROR - Timeout ejecutando comando Asterisk
2026-02-23 19:53:59 - asterisk_monitor - ERROR - Error recopilando datos de Asterisk: 'AsteriskMonitor' object has no attribute '_check_asterisk_status'
2026-02-23 19:54:13 - softphone_auto_register - ERROR - Timeout ejecutando comando Asterisk
2026-02-23 19:54:29 - asterisk_monitor - ERROR - Error recopilando datos de Asterisk: 'AsteriskMonitor' object has no attribute '_check_asterisk_status'
2026-02-23 19:54:33 - softphone_auto_register - ERROR - Timeout ejecutando comando Asterisk
2026-02-23 19:54:53 - softphone_auto_register - ERROR - Timeout ejecutando comando Asterisk
2026-02-23 19:55:00 - asterisk_monitor - ERROR - Error recopilando datos de Asterisk: 'AsteriskMonitor' object has no attribute '_check_asterisk_status'
2026-02-23 19:55:13 - softphone_auto_register - ERROR - Timeout ejecutando comando Asterisk
2026-02-23 19:55:30 - asterisk_monitor - ERROR - Error recopilando datos de Asterisk: 'AsteriskMonitor' object has no attribute '_check_asterisk_status'
2026-02-23 19:55:33 - softphone_auto_register - ERROR - Timeout ejecutando comando Asterisk
2026-02-23 19:55:53 - softphone_auto_register - ERROR - Timeout ejecutando comando Asterisk
2026-02-23 19:56:01 - asterisk_monitor - ERROR - Error recopilando datos de Asterisk: 'AsteriskMonitor' object has no attribute '_check_asterisk_status'
2026-02-23 19:56:13 - softphone_auto_register - ERROR - Timeout ejecutando comando Asterisk
2026-02-23 19:56:25 - softphone_auto_register - ERROR - Error ejecutando comando Asterisk: sudo: a password is required

2026-02-23 19:56:39 - voip_auto_dialer - INFO - Sistema de logging inicializado
2026-02-23 19:56:39 - extension_manager - INFO - Extension Manager inicializado: 518 extensiones
2026-02-23 19:56:39 - agent_manager - INFO - Agent Manager inicializado
2026-02-23 19:56:39 - provider_manager - INFO - Provider Manager inicializado: 0 proveedores
2026-02-23 19:56:39 - softphone_monitor - INFO - Softphones registrados cargados: 0
2026-02-23 19:56:39 - softphone_monitor - INFO - Softphone Monitor inicializado
2026-02-23 19:56:39 - web_server - INFO - Iniciando servidor web VoIP Auto Dialer
2026-02-23 19:57:18 - web_server - ERROR - Error obteniendo proveedor stats: 
2026-02-23 19:57:23 - web_server - ERROR - Error obteniendo proveedor stats: 
2026-02-23 19:57:39 - extension_manager - WARNING - No se encontró extensión asignada a agent_a8704e3a
2026-02-23 19:57:39 - agent_manager - INFO - Agente eliminado: Azrael Hagen (agent_a8704e3a)
2026-02-23 19:57:39 - web_server - INFO - Agente eliminado: agent_a8704e3a
2026-02-23 19:57:41 - extension_manager - WARNING - No se encontró extensión asignada a agent_281f9770
2026-02-23 19:57:41 - agent_manager - INFO - Agente eliminado: Test Agent 95794 (agent_281f9770)
2026-02-23 19:57:41 - web_server - INFO - Agente eliminado: agent_281f9770
2026-02-23 19:57:43 - extension_manager - WARNING - No se encontró extensión asignada a agent_aadc436a
2026-02-23 19:57:43 - agent_manager - INFO - Agente eliminado: Test Agent 95840 (agent_aadc436a)
2026-02-23 19:57:43 - web_server - INFO - Agente eliminado: agent_aadc436a
2026-02-23 19:57:45 - extension_manager - WARNING - No se encontró extensión asignada a agent_7f8f36ef
2026-02-23 19:57:45 - agent_manager - INFO - Agente eliminado: Test Agent 96305 (agent_7f8f36ef)
2026-02-23 19:57:45 - web_server - INFO - Agente eliminado: agent_7f8f36ef
2026-02-23 19:57:47 - extension_manager - WARNING - No se encontró extensión asignada a agent_f0957d03
2026-02-23 19:57:47 - agent_manager - INFO - Agente eliminado: Test Agent 96623 (agent_f0957d03)
2026-02-23 19:57:47 - web_server - INFO - Agente eliminado: agent_f0957d03
2026-02-23 19:57:49 - extension_manager - WARNING - No se encontró extensión asignada a agent_99f5b9e2
2026-02-23 19:57:49 - agent_manager - INFO - Agente eliminado: Test Agent 96947 (agent_99f5b9e2)
2026-02-23 19:57:49 - web_server - INFO - Agente eliminado: agent_99f5b9e2
2026-02-23 19:57:50 - extension_manager - WARNING - No se encontró extensión asignada a agent_37fb6058
2026-02-23 19:57:50 - agent_manager - INFO - Agente eliminado: Test Agent 97235 (agent_37fb6058)
2026-02-23 19:57:50 - web_server - INFO - Agente eliminado: agent_37fb6058
2026-02-23 19:57:52 - extension_manager - WARNING - No se encontró extensión asignada a agent_3a06af31
2026-02-23 19:57:52 - agent_manager - INFO - Agente eliminado: Test Agent 97666 (agent_3a06af31)
2026-02-23 19:57:52 - web_server - INFO - Agente eliminado: agent_3a06af31
2026-02-23 19:57:54 - extension_manager - WARNING - No se encontró extensión asignada a agent_b5fdc585
2026-02-23 19:57:54 - agent_manager - INFO - Agente eliminado: Test Agent 98003 (agent_b5fdc585)
2026-02-23 19:57:54 - web_server - INFO - Agente eliminado: agent_b5fdc585
2026-02-23 19:58:01 - web_server - ERROR - Error obteniendo proveedor stats: 
2026-02-23 20:02:49 - voip_auto_dialer - INFO - Sistema de logging inicializado
2026-02-23 20:02:49 - extension_manager - INFO - Extension Manager inicializado: 518 extensiones
2026-02-23 20:02:49 - agent_manager - INFO - Agent Manager inicializado
2026-02-23 20:02:49 - provider_manager - INFO - Provider Manager inicializado: 0 proveedores
2026-02-23 20:02:49 - softphone_monitor - INFO - Softphones registrados cargados: 0
2026-02-23 20:02:49 - softphone_monitor - INFO - Softphone Monitor inicializado
2026-02-23 20:02:49 - web_server - INFO - Iniciando servidor web VoIP Auto Dialer
2026-02-23 20:03:07 - web_server - ERROR - Error obteniendo proveedor stats: 
2026-02-24 10:32:24 - voip_auto_dialer - INFO - Sistema de logging inicializado
2026-02-24 10:32:24 - extension_manager - INFO - Extension Manager inicializado: 518 extensiones
2026-02-24 10:32:24 - agent_manager - INFO - Agent Manager inicializado
2026-02-24 10:32:24 - provider_manager - INFO - Provider Manager inicializado: 0 proveedores
2026-02-24 10:32:24 - softphone_monitor - INFO - Softphones registrados cargados: 0
2026-02-24 10:32:24 - softphone_monitor - INFO - Softphone Monitor inicializado
2026-02-24 10:32:24 - web_server - INFO - Iniciando servidor web VoIP Auto Dialer
2026-02-24 10:53:51 - voip_auto_dialer - INFO - Sistema de logging inicializado
2026-02-24 10:53:51 - extension_manager - INFO - Extension Manager inicializado: 518 extensiones
2026-02-24 10:53:51 - agent_manager - INFO - Agent Manager inicializado
2026-02-24 10:53:51 - provider_manager - INFO - Provider Manager inicializado: 0 proveedores
2026-02-24 10:53:51 - softphone_monitor - INFO - Softphones registrados cargados: 0
2026-02-24 10:53:51 - softphone_monitor - INFO - Softphone Monitor inicializado
2026-02-24 10:53:51 - web_server - INFO - Iniciando servidor web VoIP Auto Dialer
2026-02-24 10:58:33 - voip_auto_dialer - INFO - Sistema de logging inicializado
2026-02-24 10:58:33 - extension_manager - INFO - Extension Manager inicializado: 518 extensiones
2026-02-24 10:58:33 - agent_manager - INFO - Agent Manager inicializado
2026-02-24 10:58:33 - provider_manager - INFO - Provider Manager inicializado: 0 proveedores
2026-02-24 10:58:33 - softphone_monitor - INFO - Softphones registrados cargados: 0
2026-02-24 10:58:33 - softphone_monitor - INFO - Softphone Monitor inicializado
2026-02-24 10:58:33 - web_server - INFO - Iniciando servidor web VoIP Auto Dialer
2026-02-24 10:59:17 - softphone_auto_register - INFO - Monitoreo de auto-registro iniciado
2026-02-24 10:59:27 - softphone_auto_register - ERROR - Timeout ejecutando comando Asterisk
2026-02-24 10:59:45 - softphone_auto_register - INFO - Monitoreo de auto-registro detenido
2026-02-24 10:59:47 - softphone_auto_register - INFO - Monitoreo de auto-registro detenido
2026-02-24 10:59:55 - softphone_auto_register - INFO - Monitoreo de auto-registro iniciado
2026-02-24 11:00:11 - softphone_auto_register - INFO - Monitoreo de auto-registro detenido
2026-02-24 11:01:30 - voip_auto_dialer - INFO - Sistema de logging inicializado
2026-02-24 11:01:30 - extension_manager - INFO - Extension Manager inicializado: 518 extensiones
2026-02-24 11:01:30 - agent_manager - INFO - Agent Manager inicializado
2026-02-24 11:01:30 - provider_manager - INFO - Provider Manager inicializado: 0 proveedores
2026-02-24 11:01:30 - softphone_monitor - INFO - Softphones registrados cargados: 0
2026-02-24 11:01:30 - softphone_monitor - INFO - Softphone Monitor inicializado
2026-02-24 11:01:30 - web_server - INFO - Iniciando servidor web VoIP Auto Dialer
2026-02-24 11:01:52 - softphone_auto_register - INFO - Monitoreo de auto-registro iniciado
2026-02-24 11:01:52 - agent_manager - INFO - Agente creado: Test Agent 52512 (agent_5596c98e)
2026-02-24 11:01:52 - web_server - INFO - Agente creado exitosamente: agent_5596c98e
2026-02-24 11:01:52 - extension_manager - INFO - Extensiones disponibles encontradas: 517
2026-02-24 11:01:52 - extension_manager - INFO - Extensión 1518 asignada a 1000
2026-02-24 11:01:52 - agent_manager - INFO - Extensión 1000 asignada a agente agent_5596c98e
2026-02-24 11:01:52 - web_server - INFO - Extensión asignada a agente agent_5596c98e
2026-02-24 11:02:02 - softphone_auto_register - ERROR - Timeout ejecutando comando Asterisk
2026-02-24 11:02:22 - softphone_auto_register - ERROR - Timeout ejecutando comando Asterisk
2026-02-24 11:02:42 - softphone_auto_register - ERROR - Timeout ejecutando comando Asterisk
2026-02-24 11:03:02 - softphone_auto_register - ERROR - Timeout ejecutando comando Asterisk
2026-02-24 11:03:22 - softphone_auto_register - ERROR - Timeout ejecutando comando Asterisk
2026-02-24 11:03:42 - softphone_auto_register - ERROR - Timeout ejecutando comando Asterisk
2026-02-24 11:04:02 - softphone_auto_register - ERROR - Timeout ejecutando comando Asterisk
2026-02-24 11:04:22 - softphone_auto_register - ERROR - Timeout ejecutando comando Asterisk
2026-02-24 11:04:42 - softphone_auto_register - ERROR - Timeout ejecutando comando Asterisk
2026-02-24 11:05:02 - softphone_auto_register - ERROR - Timeout ejecutando comando Asterisk
2026-02-24 11:05:22 - softphone_auto_register - ERROR - Timeout ejecutando comando Asterisk
2026-02-24 11:05:42 - softphone_auto_register - ERROR - Timeout ejecutando comando Asterisk
2026-02-24 11:06:02 - softphone_auto_register - ERROR - Timeout ejecutando comando Asterisk
2026-02-24 11:06:22 - softphone_auto_register - ERROR - Timeout ejecutando comando Asterisk
2026-02-24 11:06:42 - softphone_auto_register - ERROR - Timeout ejecutando comando Asterisk
2026-02-24 11:07:02 - softphone_auto_register - ERROR - Timeout ejecutando comando Asterisk
2026-02-24 11:07:22 - softphone_auto_register - ERROR - Timeout ejecutando comando Asterisk
2026-02-24 11:09:36 - voip_auto_dialer - INFO - Sistema de logging inicializado
2026-02-24 11:09:36 - extension_manager - INFO - Extension Manager inicializado: 519 extensiones
2026-02-24 11:09:36 - agent_manager - INFO - Agent Manager inicializado
2026-02-24 11:09:36 - provider_manager - INFO - Provider Manager inicializado: 0 proveedores
2026-02-24 11:09:36 - softphone_monitor - INFO - Softphones registrados cargados: 0
2026-02-24 11:09:36 - softphone_monitor - INFO - Softphone Monitor inicializado
2026-02-24 11:09:36 - web_server - INFO - Iniciando servidor web VoIP Auto Dialer
2026-02-24 11:16:54 - voip_auto_dialer - INFO - Sistema de logging inicializado
2026-02-24 11:16:54 - extension_manager - INFO - Extension Manager inicializado: 519 extensiones
2026-02-24 11:16:54 - agent_manager - INFO - Agent Manager inicializado
2026-02-24 11:16:54 - provider_manager - INFO - Provider Manager inicializado: 0 proveedores
2026-02-24 11:16:54 - softphone_monitor - INFO - Softphones registrados cargados: 0
2026-02-24 11:16:54 - softphone_monitor - INFO - Softphone Monitor inicializado
2026-02-24 11:16:54 - web_server - INFO - Iniciando servidor web VoIP Auto Dialer
2026-02-24 12:33:32 - voip_auto_dialer - INFO - Sistema de logging inicializado
2026-02-24 12:33:32 - extension_manager - INFO - Extension Manager inicializado: 519 extensiones
2026-02-24 12:33:32 - agent_manager - INFO - Agent Manager inicializado
2026-02-24 12:33:32 - provider_manager - INFO - Provider Manager inicializado: 0 proveedores
2026-02-24 12:33:32 - softphone_monitor - INFO - Softphones registrados cargados: 0
2026-02-24 12:33:32 - softphone_monitor - INFO - Softphone Monitor inicializado
2026-02-24 12:33:32 - web_server - INFO - Iniciando servidor web VoIP Auto Dialer
2026-02-24 13:48:23 - web_server - ERROR - Error creando proveedor: ProviderManager.create_provider() got an unexpected keyword argument 'provider_type'
2026-02-24 13:52:01 - web_server - ERROR - Error creando proveedor: ProviderManager.create_provider() got an unexpected keyword argument 'provider_type'
2026-02-24 13:52:48 - web_server - ERROR - Error creando proveedor: ProviderManager.create_provider() got an unexpected keyword argument 'provider_type'
2026-02-24 13:53:20 - web_server - ERROR - Error creando proveedor: ProviderManager.create_provider() got an unexpected keyword argument 'provider_type'
2026-02-24 13:53:51 - web_server - ERROR - Error creando proveedor: ProviderManager.create_provider() got an unexpected keyword argument 'provider_type'
2026-02-24 13:54:04 - voip_auto_dialer - INFO - Sistema de logging inicializado
2026-02-24 13:54:04 - extension_manager - INFO - Extension Manager inicializado: 519 extensiones
2026-02-24 13:54:04 - agent_manager - INFO - Agent Manager inicializado
2026-02-24 13:54:04 - provider_manager - INFO - Provider Manager inicializado: 0 proveedores
2026-02-24 13:54:04 - softphone_monitor - INFO - Softphones registrados cargados: 0
2026-02-24 13:54:04 - softphone_monitor - INFO - Softphone Monitor inicializado
2026-02-24 13:54:04 - web_server - INFO - Iniciando servidor web VoIP Auto Dialer
2026-02-24 14:06:41 - voip_auto_dialer - INFO - Sistema de logging inicializado
2026-02-24 14:06:41 - extension_manager - INFO - Extension Manager inicializado: 519 extensiones
2026-02-24 14:06:41 - agent_manager - INFO - Agent Manager inicializado
2026-02-24 14:06:41 - provider_manager - INFO - Provider Manager inicializado: 0 proveedores
2026-02-24 14:06:41 - softphone_monitor - INFO - Softphones registrados cargados: 0
2026-02-24 14:06:41 - softphone_monitor - INFO - Softphone Monitor inicializado
2026-02-24 14:06:41 - web_server - INFO - Iniciando servidor web VoIP Auto Dialer
2026-02-24 14:07:17 - web_server - ERROR - Error creando proveedor: ProviderManager.create_provider() got an unexpected keyword argument 'type'
