2026-02-20 18:35:37 - web_server - INFO - Iniciando servidor web VoIP Auto Dialer...
2026-02-20 18:35:37 - web_server - INFO - Servidor web iniciado exitosamente
2026-02-20 18:35:57 - web_server - INFO - Cerrando servidor web...
2026-02-20 18:35:58 - web_server - INFO - Iniciando servidor web VoIP Auto Dialer...
2026-02-20 18:35:58 - web_server - INFO - Servidor web iniciado exitosamente
2026-02-20 18:38:29 - web_server - INFO - Cerrando servidor web...
2026-02-20 18:38:30 - web_server - INFO - VoIP Auto Dialer Web Server iniciado
2026-02-20 18:38:30 - web_server - ERROR - Error verificando componentes: 'ExtensionManager' object has no attribute 'get_stats'
2026-02-20 21:05:45 - web_server - INFO - VoIP Auto Dialer Web Server iniciado
2026-02-20 21:05:45 - web_server - INFO - Agentes cargados: 1
2026-02-20 21:05:45 - web_server - INFO - Extensiones disponibles: 0
2026-02-20 21:51:13 - web_server - INFO - Cerrando servidor web...
2026-02-20 21:51:15 - web_server - INFO - VoIP Auto Dialer Web Server iniciado
2026-02-20 21:51:15 - web_server - INFO - Agentes cargados: 3
2026-02-20 21:51:15 - web_server - INFO - Extensiones disponibles: 1
2026-02-20 21:51:27 - web_server - INFO - Cerrando servidor web...
2026-02-20 21:51:49 - web_server - INFO - VoIP Auto Dialer Web Server iniciado
2026-02-20 21:51:49 - web_server - INFO - Agentes cargados: 3
2026-02-20 21:51:49 - web_server - INFO - Extensiones disponibles: 1
2026-02-20 21:57:43 - web_server - INFO - Cerrando servidor web...
2026-02-20 22:01:42 - web_server - INFO - VoIP Auto Dialer Web Server iniciado
2026-02-20 22:01:42 - web_server - INFO - Agentes cargados: 3
2026-02-20 22:01:42 - web_server - INFO - Extensiones disponibles: 1
2026-02-20 22:11:33 - web_server - INFO - Cerrando servidor web...
2026-02-20 22:11:35 - web_server - INFO - VoIP Auto Dialer Web Server iniciado
2026-02-20 22:11:35 - web_server - INFO - Agentes cargados: 3
2026-02-20 22:11:35 - web_server - INFO - Extensiones disponibles: 1
2026-02-20 22:13:20 - web_server - INFO - Cerrando servidor web...
2026-02-20 22:13:22 - web_server - INFO - VoIP Auto Dialer Web Server iniciado
2026-02-20 22:13:22 - web_server - INFO - Agentes cargados: 3
2026-02-20 22:13:22 - web_server - INFO - Extensiones disponibles: 1
2026-02-20 22:13:37 - web_server - INFO - Cerrando servidor web...
2026-02-20 22:13:43 - web_server - INFO - VoIP Auto Dialer Web Server iniciado
2026-02-20 22:13:43 - web_server - INFO - Agentes cargados: 3
2026-02-20 22:13:43 - web_server - INFO - Extensiones disponibles: 1
2026-02-20 22:14:38 - web_server - INFO - Cerrando servidor web...
2026-02-20 22:17:19 - web_server - INFO - VoIP Auto Dialer Web Server iniciado
2026-02-20 22:17:19 - web_server - INFO - Agentes cargados: 3
2026-02-20 22:17:19 - web_server - INFO - Extensiones disponibles: 1
2026-02-20 22:18:10 - web_server - INFO - Cerrando servidor web...
2026-02-20 22:22:31 - web_server - INFO - VoIP Auto Dialer Web Server iniciado
2026-02-20 22:22:31 - web_server - INFO - Agentes cargados: 7
2026-02-20 22:22:31 - web_server - INFO - Extensiones disponibles: 1
2026-02-20 22:25:59 - web_server - INFO - Cerrando servidor web...
2026-02-20 22:26:00 - web_server - INFO - VoIP Auto Dialer Web Server iniciado
2026-02-20 22:26:00 - web_server - INFO - Agentes cargados: 7
2026-02-20 22:26:00 - web_server - INFO - Extensiones disponibles: 0
2026-02-21 10:30:59 - web_server - INFO - VoIP Auto Dialer Web Server iniciado
2026-02-21 10:30:59 - web_server - INFO - Agentes cargados: 7
2026-02-21 10:30:59 - web_server - INFO - Extensiones disponibles: 0
2026-02-21 10:32:24 - web_server - INFO - Cerrando servidor web...
2026-02-21 15:39:32 - web_server - INFO - VoIP Auto Dialer Web Server iniciado
2026-02-21 15:39:32 - web_server - INFO - Agentes cargados: 7
2026-02-21 15:39:32 - web_server - INFO - Extensiones disponibles: 0
2026-02-21 15:47:57 - web_server - INFO - Cerrando servidor web...
2026-02-21 15:48:01 - web_server - INFO - VoIP Auto Dialer Web Server iniciado
2026-02-21 15:48:01 - web_server - INFO - Agentes cargados: 7
2026-02-21 15:48:01 - web_server - INFO - Extensiones disponibles: 0
2026-02-21 21:19:29 - web_server - INFO - Cerrando servidor web...
2026-02-21 21:19:31 - web_server - INFO - VoIP Auto Dialer Web Server iniciado
2026-02-21 21:19:31 - web_server - INFO - Agentes cargados: 7
2026-02-21 21:19:31 - web_server - INFO - Extensiones disponibles: 0
2026-02-21 21:19:44 - web_server - INFO - Cerrando servidor web...
2026-02-21 21:19:45 - web_server - INFO - VoIP Auto Dialer Web Server iniciado
2026-02-21 21:19:45 - web_server - INFO - Agentes cargados: 7
2026-02-21 21:19:45 - web_server - INFO - Extensiones disponibles: 0
2026-02-21 21:22:26 - web_server - INFO - Cerrando servidor web...
2026-02-21 21:22:33 - web_server - INFO - VoIP Auto Dialer Web Server iniciado
2026-02-21 21:22:33 - web_server - INFO - Agentes cargados: 7
2026-02-21 21:22:33 - web_server - INFO - Extensiones disponibles: 0
2026-02-21 21:42:42 - web_server - INFO - Cerrando servidor web...
2026-02-21 21:42:44 - web_server - INFO - VoIP Auto Dialer Web Server iniciado
2026-02-21 21:42:44 - web_server - INFO - Agentes cargados: 7
2026-02-21 21:42:44 - web_server - INFO - Extensiones disponibles: 0
2026-02-21 21:43:45 - web_server - INFO - Cerrando servidor web...
2026-02-21 21:43:46 - web_server - INFO - VoIP Auto Dialer Web Server iniciado
2026-02-21 21:43:46 - web_server - INFO - Agentes cargados: 7
2026-02-21 21:43:46 - web_server - INFO - Extensiones disponibles: 0
2026-02-21 22:00:33 - web_server - INFO - Cerrando servidor web...
2026-02-21 22:00:35 - web_server - INFO - VoIP Auto Dialer Web Server iniciado
2026-02-21 22:00:35 - web_server - INFO - Agentes cargados: 7
2026-02-21 22:00:35 - web_server - INFO - Extensiones disponibles: 0
2026-02-21 22:00:48 - web_server - INFO - Cerrando servidor web...
2026-02-21 22:00:49 - web_server - INFO - VoIP Auto Dialer Web Server iniciado
2026-02-21 22:00:49 - web_server - INFO - Agentes cargados: 7
2026-02-21 22:00:49 - web_server - INFO - Extensiones disponibles: 0
2026-02-21 22:02:44 - web_server - INFO - Cerrando servidor web...
2026-02-21 22:02:46 - web_server - INFO - VoIP Auto Dialer Web Server iniciado
2026-02-21 22:02:46 - web_server - INFO - Agentes cargados: 7
2026-02-21 22:02:46 - web_server - INFO - Extensiones disponibles: 0
2026-02-21 22:06:44 - web_server - INFO - Cerrando servidor web...
2026-02-21 22:06:47 - web_server - INFO - VoIP Auto Dialer Web Server iniciado
2026-02-21 22:06:47 - web_server - INFO - Agentes cargados: 7
2026-02-21 22:06:47 - web_server - INFO - Extensiones disponibles: 0
2026-02-21 22:30:49 - web_server - INFO - Cerrando servidor web...
2026-02-23 13:09:35 - web_server - INFO - VoIP Auto Dialer Web Server iniciado
2026-02-23 13:09:35 - web_server - INFO - Agentes cargados: 7
2026-02-23 13:09:35 - web_server - INFO - Extensiones disponibles: 0
2026-02-23 13:14:28 - web_server - INFO - Cerrando servidor web...
2026-02-23 13:21:27 - web_server - INFO - VoIP Auto Dialer Web Server iniciado
2026-02-23 13:21:27 - web_server - INFO - Agentes cargados: 8
2026-02-23 13:21:27 - web_server - INFO - Extensiones disponibles: 0
2026-02-23 14:34:41 - web_server - INFO - Cerrando servidor web...
2026-02-23 14:34:43 - web_server - INFO - VoIP Auto Dialer Web Server iniciado
2026-02-23 14:34:43 - web_server - INFO - Agentes cargados: 8
2026-02-23 14:34:43 - web_server - INFO - Extensiones disponibles: 0
2026-02-23 14:34:59 - web_server - INFO - Cerrando servidor web...
2026-02-23 14:35:00 - web_server - INFO - VoIP Auto Dialer Web Server iniciado
2026-02-23 14:35:00 - web_server - INFO - Agentes cargados: 8
2026-02-23 14:35:00 - web_server - INFO - Extensiones disponibles: 0
2026-02-23 14:43:00 - web_server - INFO - Cerrando servidor web...
2026-02-23 14:43:02 - web_server - INFO - VoIP Auto Dialer Web Server iniciado
2026-02-23 14:43:02 - web_server - INFO - Agentes cargados: 9
2026-02-23 14:43:02 - web_server - INFO - Extensiones disponibles: 0
2026-02-23 14:43:13 - web_server - INFO - Cerrando servidor web...
2026-02-23 14:43:14 - web_server - INFO - VoIP Auto Dialer Web Server iniciado
2026-02-23 14:43:14 - web_server - INFO - Agentes cargados: 9
2026-02-23 14:43:14 - web_server - INFO - Extensiones disponibles: 0
2026-02-23 14:43:42 - web_server - INFO - Cerrando servidor web...
2026-02-23 14:43:43 - web_server - INFO - VoIP Auto Dialer Web Server iniciado
2026-02-23 14:43:43 - web_server - INFO - Agentes cargados: 9
2026-02-23 14:43:43 - web_server - INFO - Extensiones disponibles: 0
2026-02-23 14:44:15 - web_server - INFO - Cerrando servidor web...
2026-02-23 14:44:17 - web_server - INFO - VoIP Auto Dialer Web Server iniciado
2026-02-23 14:44:17 - web_server - INFO - Agentes cargados: 9
2026-02-23 14:44:17 - web_server - INFO - Extensiones disponibles: 0
2026-02-23 14:44:25 - web_server - INFO - Cerrando servidor web...
2026-02-23 14:44:27 - web_server - INFO - VoIP Auto Dialer Web Server iniciado
2026-02-23 14:44:27 - web_server - INFO - Agentes cargados: 9
2026-02-23 14:44:27 - web_server - INFO - Extensiones disponibles: 0
2026-02-23 14:45:13 - web_server - INFO - Cerrando servidor web...
2026-02-23 14:45:14 - web_server - INFO - VoIP Auto Dialer Web Server iniciado
2026-02-23 14:45:14 - web_server - INFO - Agentes cargados: 9
2026-02-23 14:45:14 - web_server - INFO - Extensiones disponibles: 0
2026-02-23 14:45:57 - web_server - INFO - Cerrando servidor web...
2026-02-23 14:46:06 - web_server - INFO - VoIP Auto Dialer Web Server iniciado
2026-02-23 14:46:06 - web_server - INFO - Agentes cargados: 9
2026-02-23 14:46:06 - web_server - INFO - Extensiones disponibles: 0
2026-02-23 14:46:09 - web_server - INFO - Cerrando servidor web...
2026-02-23 14:46:36 - web_server - INFO - VoIP Auto Dialer Web Server iniciado
2026-02-23 14:46:36 - web_server - INFO - Agentes cargados: 9
2026-02-23 14:46:36 - web_server - INFO - Extensiones disponibles: 0
2026-02-23 14:51:24 - web_server - INFO - Cerrando servidor web...
2026-02-23 14:54:37 - web_server - INFO - VoIP Auto Dialer Web Server iniciado
2026-02-23 14:54:37 - web_server - INFO - Agentes cargados: 10
2026-02-23 14:54:37 - web_server - INFO - Extensiones disponibles: 0
2026-02-23 14:55:12 - web_server - INFO - Cerrando servidor web...
2026-02-23 14:55:14 - web_server - INFO - VoIP Auto Dialer Web Server iniciado
2026-02-23 14:55:14 - web_server - INFO - Agentes cargados: 10
2026-02-23 14:55:14 - web_server - INFO - Extensiones disponibles: 0
2026-02-23 15:02:24 - web_server - INFO - Cerrando servidor web...
2026-02-23 15:02:26 - web_server - INFO - VoIP Auto Dialer Web Server iniciado
2026-02-23 15:02:26 - web_server - INFO - Agentes cargados: 11
2026-02-23 15:02:26 - web_server - INFO - Extensiones disponibles: 0
2026-02-23 15:02:35 - web_server - INFO - Cerrando servidor web...
2026-02-23 15:02:37 - web_server - INFO - VoIP Auto Dialer Web Server iniciado
2026-02-23 15:02:37 - web_server - INFO - Agentes cargados: 11
2026-02-23 15:02:37 - web_server - INFO - Extensiones disponibles: 0
2026-02-23 15:04:25 - web_server - INFO - Cerrando servidor web...
2026-02-23 15:04:28 - web_server - INFO - VoIP Auto Dialer Web Server iniciado
2026-02-23 15:04:28 - web_server - INFO - Agentes cargados: 11
2026-02-23 15:04:28 - web_server - INFO - Extensiones disponibles: 0
2026-02-23 15:04:34 - web_server - INFO - Cerrando servidor web...
2026-02-23 15:05:08 - web_server - INFO - VoIP Auto Dialer Web Server iniciado
2026-02-23 15:05:08 - web_server - INFO - Agentes cargados: 11
2026-02-23 15:05:08 - web_server - INFO - Extensiones disponibles: 502
2026-02-23 15:06:44 - web_server - INFO - Cerrando servidor web...
2026-02-23 15:07:45 - web_server - INFO - VoIP Auto Dialer Web Server iniciado
2026-02-23 15:07:45 - web_server - INFO - Agentes cargados: 13
2026-02-23 15:07:45 - web_server - INFO - Extensiones disponibles: 502
2026-02-23 15:08:22 - web_server - INFO - Cerrando servidor web...
2026-02-23 15:08:26 - web_server - INFO - VoIP Auto Dialer Web Server iniciado
2026-02-23 15:08:26 - web_server - INFO - Agentes cargados: 14
2026-02-23 15:08:26 - web_server - INFO - Extensiones disponibles: 502
2026-02-23 15:10:49 - web_server - INFO - Cerrando servidor web...
2026-02-23 15:10:51 - web_server - INFO - VoIP Auto Dialer Web Server iniciado
2026-02-23 15:10:51 - web_server - INFO - Agentes cargados: 15
2026-02-23 15:10:51 - web_server - INFO - Extensiones disponibles: 502
2026-02-23 15:11:01 - web_server - INFO - Cerrando servidor web...
2026-02-23 15:11:02 - web_server - INFO - VoIP Auto Dialer Web Server iniciado
2026-02-23 15:11:02 - web_server - INFO - Agentes cargados: 15
2026-02-23 15:11:02 - web_server - INFO - Extensiones disponibles: 502
2026-02-23 15:11:58 - web_server - INFO - Cerrando servidor web...
2026-02-23 15:15:49 - web_server - INFO - Iniciando servidor web VoIP Auto Dialer
2026-02-23 15:15:57 - web_server - INFO - Iniciando servidor web VoIP Auto Dialer
2026-02-23 15:20:00 - web_server - ERROR - Error en dashboard: 'agent_stats' is undefined
2026-02-23 15:20:00 - web_server - INFO - Agente creado exitosamente: agent_60379875
2026-02-23 15:20:00 - web_server - ERROR - Error asignando extensión a agent_60379875: 'AgentManager' object has no attribute 'assign_extension'
2026-02-23 15:20:00 - web_server - ERROR - Error en dashboard: 'agent_stats' is undefined
2026-02-23 15:29:08 - web_server - INFO - Iniciando servidor web VoIP Auto Dialer
2026-02-23 15:29:36 - web_server - ERROR - Error en dashboard: 'campaigns' is undefined
2026-02-23 15:29:36 - web_server - INFO - Agente creado exitosamente: agent_7da905b0
2026-02-23 15:29:36 - web_server - INFO - Extensión asignada a agente agent_7da905b0
2026-02-23 15:29:36 - web_server - ERROR - Error en dashboard: 'campaigns' is undefined
2026-02-23 15:31:33 - web_server - INFO - Iniciando servidor web VoIP Auto Dialer
2026-02-23 15:31:58 - web_server - ERROR - Error en dashboard: 'campaigns' is undefined
2026-02-23 15:31:58 - web_server - INFO - Agente creado exitosamente: agent_90f21eb3
2026-02-23 15:31:58 - web_server - INFO - Extensión asignada a agente agent_90f21eb3
2026-02-23 15:31:58 - web_server - ERROR - Error en dashboard: 'campaigns' is undefined
2026-02-23 15:33:13 - web_server - INFO - Iniciando servidor web VoIP Auto Dialer
2026-02-23 15:33:19 - web_server - ERROR - Error en dashboard: 'campaigns' is undefined
2026-02-23 15:33:19 - web_server - INFO - Agente creado exitosamente: agent_989f4b31
2026-02-23 15:33:19 - web_server - INFO - Extensión asignada a agente agent_989f4b31
2026-02-23 15:33:19 - web_server - ERROR - Error en dashboard: 'campaigns' is undefined
2026-02-23 15:38:39 - web_server - INFO - Iniciando servidor web VoIP Auto Dialer
2026-02-23 15:39:47 - web_server - ERROR - Error en dashboard: 'campaigns' is undefined
2026-02-23 15:39:47 - web_server - INFO - Agente creado exitosamente: agent_4ad2165e
2026-02-23 15:39:47 - web_server - INFO - Extensión asignada a agente agent_4ad2165e
2026-02-23 15:39:47 - web_server - ERROR - Error en dashboard: 'campaigns' is undefined
2026-02-23 15:39:47 - web_server - ERROR - Error en página de campañas: 'campaigns' is undefined
2026-02-23 15:40:22 - web_server - ERROR - Error en dashboard: 'campaigns' is undefined
2026-02-23 15:42:36 - web_server - INFO - Iniciando servidor web VoIP Auto Dialer
2026-02-23 15:42:43 - web_server - ERROR - Error en dashboard: 'campaigns' is undefined
2026-02-23 15:51:03 - web_server - INFO - Iniciando servidor web VoIP Auto Dialer
2026-02-23 15:56:28 - web_server - INFO - Agente creado exitosamente: agent_4ab309a9
2026-02-23 15:56:51 - web_server - INFO - Agente creado exitosamente: agent_35abd124
2026-02-23 15:56:51 - web_server - INFO - Extensión asignada a agente agent_35abd124
2026-02-23 16:02:26 - web_server - INFO - Agente creado exitosamente: agent_7ad0a837
2026-02-23 16:13:40 - web_server - INFO - Iniciando servidor web VoIP Auto Dialer
2026-02-23 16:19:44 - web_server - INFO - Agente creado exitosamente: agent_82fbb14f
2026-02-23 16:20:20 - web_server - INFO - Agente creado exitosamente: agent_8cdbbaa7
2026-02-23 16:26:10 - web_server - INFO - Iniciando servidor web VoIP Auto Dialer
2026-02-23 16:29:30 - web_server - ERROR - Error en página de campañas: 'dict object' has no attribute 'numbers_count'
2026-02-23 16:48:12 - web_server - INFO - Iniciando servidor web VoIP Auto Dialer
2026-02-23 17:09:16 - web_server - INFO - Iniciando servidor web VoIP Auto Dialer
2026-02-23 17:12:10 - web_server - INFO - Iniciando servidor web VoIP Auto Dialer
2026-02-23 17:35:43 - web_server - INFO - Iniciando servidor web VoIP Auto Dialer
2026-02-23 17:46:16 - web_server - ERROR - Error obteniendo proveedor stats: 
2026-02-23 17:46:23 - web_server - ERROR - Error obteniendo proveedor asterisk-config: 
2026-02-23 17:46:51 - web_server - ERROR - Error obteniendo proveedor stats: 
2026-02-23 18:36:44 - web_server - INFO - Iniciando servidor web VoIP Auto Dialer
2026-02-23 18:36:55 - web_server - ERROR - Error obteniendo proveedor stats: 
2026-02-23 18:43:53 - web_server - INFO - Agente creado exitosamente: agent_b8dae174
2026-02-23 18:43:53 - web_server - INFO - Extensión asignada a agente agent_b8dae174
2026-02-23 18:53:52 - web_server - INFO - Iniciando servidor web VoIP Auto Dialer
2026-02-23 18:54:15 - web_server - ERROR - Error obteniendo proveedor stats: 
2026-02-23 18:58:02 - web_server - INFO - Iniciando servidor web VoIP Auto Dialer
2026-02-23 18:58:33 - web_server - INFO - Agente creado exitosamente: agent_84e76cda
2026-02-23 18:58:33 - web_server - INFO - Extensión asignada a agente agent_84e76cda
2026-02-23 18:59:35 - web_server - ERROR - Error obteniendo proveedor stats: 
2026-02-23 19:02:19 - web_server - INFO - Agente eliminado: agent_bb5f841a
2026-02-23 19:02:28 - web_server - INFO - Agente eliminado: agent_e41ca012
2026-02-23 19:02:33 - web_server - INFO - Agente eliminado: agent_c45c4860
2026-02-23 19:02:36 - web_server - INFO - Agente eliminado: agent_ef21c917
2026-02-23 19:02:39 - web_server - INFO - Agente eliminado: agent_6f5f6b13
2026-02-23 19:02:43 - web_server - INFO - Agente eliminado: agent_199e1b95
2026-02-23 19:02:52 - web_server - INFO - Agente eliminado: agent_82fbb14f
2026-02-23 19:03:11 - web_server - INFO - Agente eliminado: agent_7da905b0
2026-02-23 19:03:17 - web_server - INFO - Agente eliminado: agent_001
2026-02-23 19:03:20 - web_server - INFO - Extensión asignada a agente agent_a8704e3a
2026-02-23 19:03:26 - web_server - INFO - Agente eliminado: agent_e0ed6a8b
2026-02-23 19:03:29 - web_server - INFO - Agente eliminado: agent_4272a25f
2026-02-23 19:03:31 - web_server - INFO - Agente eliminado: agent_6da657b2
2026-02-23 19:03:33 - web_server - INFO - Agente eliminado: agent_e8b1d0ed
2026-02-23 19:03:37 - web_server - INFO - Agente eliminado: agent_e057174f
2026-02-23 19:03:39 - web_server - INFO - Agente eliminado: agent_927ee3e7
2026-02-23 19:03:45 - web_server - INFO - Agente eliminado: agent_5a02f538
2026-02-23 19:03:47 - web_server - INFO - Agente eliminado: agent_60379875
2026-02-23 19:04:38 - web_server - INFO - Agente eliminado: agent_90f21eb3
2026-02-23 19:04:40 - web_server - INFO - Agente eliminado: agent_989f4b31
2026-02-23 19:04:42 - web_server - INFO - Agente eliminado: agent_4ad2165e
2026-02-23 19:04:45 - web_server - INFO - Agente eliminado: agent_4ab309a9
2026-02-23 19:04:48 - web_server - INFO - Agente eliminado: agent_35abd124
2026-02-23 19:04:50 - web_server - INFO - Agente eliminado: agent_7ad0a837
2026-02-23 19:04:51 - web_server - INFO - Agente eliminado: agent_8cdbbaa7
2026-02-23 19:04:54 - web_server - INFO - Agente eliminado: agent_b8dae174
2026-02-23 19:04:56 - web_server - INFO - Agente eliminado: agent_84e76cda
2026-02-23 19:16:22 - web_server - INFO - Iniciando servidor web VoIP Auto Dialer
2026-02-23 19:16:34 - web_server - ERROR - Error en dashboard: 'AsteriskMonitor' object has no attribute 'get_realtime_data'
2026-02-23 19:16:34 - web_server - INFO - Agente creado exitosamente: agent_281f9770
2026-02-23 19:16:34 - web_server - INFO - Extensión asignada a agente agent_281f9770
2026-02-23 19:16:49 - web_server - ERROR - Error en dashboard: 'AsteriskMonitor' object has no attribute 'get_realtime_data'
2026-02-23 19:17:12 - web_server - ERROR - Error en dashboard: 'AsteriskMonitor' object has no attribute 'get_realtime_data'
2026-02-23 19:17:20 - web_server - ERROR - Error en dashboard: 'AsteriskMonitor' object has no attribute 'get_realtime_data'
2026-02-23 19:17:20 - web_server - INFO - Agente creado exitosamente: agent_aadc436a
2026-02-23 19:17:20 - web_server - INFO - Extensión asignada a agente agent_aadc436a
2026-02-23 19:23:03 - web_server - INFO - Iniciando servidor web VoIP Auto Dialer
2026-02-23 19:23:12 - web_server - WARNING - Error obteniendo datos de Asterisk: 'AsteriskMonitor' object has no attribute 'get_realtime_data'
2026-02-23 19:25:05 - web_server - WARNING - Error obteniendo datos de Asterisk: 'AsteriskMonitor' object has no attribute 'get_realtime_data'
2026-02-23 19:25:05 - web_server - ERROR - Error obteniendo estado en tiempo real: 'AsteriskMonitor' object has no attribute 'get_realtime_data'
2026-02-23 19:25:05 - web_server - INFO - Agente creado exitosamente: agent_7f8f36ef
2026-02-23 19:25:05 - web_server - INFO - Extensión asignada a agente agent_7f8f36ef
2026-02-23 19:25:47 - web_server - WARNING - Error obteniendo datos de Asterisk: 'AsteriskMonitor' object has no attribute 'get_realtime_data'
2026-02-23 19:25:47 - web_server - ERROR - Error obteniendo estado en tiempo real: 'AsteriskMonitor' object has no attribute 'get_realtime_data'
2026-02-23 19:29:06 - web_server - INFO - Iniciando servidor web VoIP Auto Dialer
2026-02-23 19:29:08 - web_server - ERROR - Error obteniendo datos en tiempo real: 'AsteriskMonitor' object has no attribute 'get_realtime_dashboard_data'
2026-02-23 19:29:18 - web_server - ERROR - Error obteniendo datos en tiempo real: 'AsteriskMonitor' object has no attribute 'get_realtime_dashboard_data'
2026-02-23 19:29:28 - web_server - ERROR - Error obteniendo datos en tiempo real: 'AsteriskMonitor' object has no attribute 'get_realtime_dashboard_data'
2026-02-23 19:29:44 - web_server - ERROR - Error obteniendo datos en tiempo real: 'AsteriskMonitor' object has no attribute 'get_realtime_dashboard_data'
2026-02-23 19:29:44 - web_server - ERROR - Error obteniendo datos en tiempo real: 'AsteriskMonitor' object has no attribute 'get_realtime_dashboard_data'
2026-02-23 19:29:50 - web_server - ERROR - Error obteniendo datos en tiempo real: 'AsteriskMonitor' object has no attribute 'get_realtime_dashboard_data'
2026-02-23 19:30:00 - web_server - ERROR - Error obteniendo datos en tiempo real: 'AsteriskMonitor' object has no attribute 'get_realtime_dashboard_data'
2026-02-23 19:30:10 - web_server - ERROR - Error obteniendo datos en tiempo real: 'AsteriskMonitor' object has no attribute 'get_realtime_dashboard_data'
2026-02-23 19:30:20 - web_server - ERROR - Error obteniendo datos en tiempo real: 'AsteriskMonitor' object has no attribute 'get_realtime_dashboard_data'
2026-02-23 19:30:23 - web_server - INFO - Agente creado exitosamente: agent_f0957d03
2026-02-23 19:30:23 - web_server - INFO - Extensión asignada a agente agent_f0957d03
2026-02-23 19:30:27 - web_server - ERROR - Error obteniendo extensiones en tiempo real: 'AsteriskMonitor' object has no attribute 'get_extensions_status'
2026-02-23 19:30:27 - web_server - ERROR - Error obteniendo llamadas activas: 'AsteriskMonitor' object has no attribute 'get_active_calls'
2026-02-23 19:30:30 - web_server - ERROR - Error obteniendo datos en tiempo real: 'AsteriskMonitor' object has no attribute 'get_realtime_dashboard_data'
2026-02-23 19:35:11 - web_server - INFO - Iniciando servidor web VoIP Auto Dialer
2026-02-23 19:35:32 - web_server - ERROR - Error obteniendo datos en tiempo real: 'AsteriskMonitor' object has no attribute 'get_realtime_dashboard_data'
2026-02-23 19:35:37 - web_server - ERROR - Error obteniendo datos en tiempo real: 'AsteriskMonitor' object has no attribute 'get_realtime_dashboard_data'
2026-02-23 19:35:47 - web_server - ERROR - Error obteniendo datos en tiempo real: 'AsteriskMonitor' object has no attribute 'get_realtime_dashboard_data'
2026-02-23 19:35:47 - web_server - INFO - Agente creado exitosamente: agent_99f5b9e2
2026-02-23 19:35:47 - web_server - INFO - Extensión asignada a agente agent_99f5b9e2
2026-02-23 19:35:56 - web_server - ERROR - Error obteniendo datos en tiempo real: 'AsteriskMonitor' object has no attribute 'get_realtime_dashboard_data'
2026-02-23 19:35:57 - web_server - ERROR - Error obteniendo datos en tiempo real: 'AsteriskMonitor' object has no attribute 'get_realtime_dashboard_data'
2026-02-23 19:36:07 - web_server - ERROR - Error obteniendo datos en tiempo real: 'AsteriskMonitor' object has no attribute 'get_realtime_dashboard_data'
2026-02-23 19:36:17 - web_server - ERROR - Error obteniendo datos en tiempo real: 'AsteriskMonitor' object has no attribute 'get_realtime_dashboard_data'
2026-02-23 19:36:27 - web_server - ERROR - Error obteniendo datos en tiempo real: 'AsteriskMonitor' object has no attribute 'get_realtime_dashboard_data'
2026-02-23 19:36:38 - web_server - ERROR - Error obteniendo datos en tiempo real: 'AsteriskMonitor' object has no attribute 'get_realtime_dashboard_data'
2026-02-23 19:36:48 - web_server - ERROR - Error obteniendo datos en tiempo real: 'AsteriskMonitor' object has no attribute 'get_realtime_dashboard_data'
2026-02-23 19:36:58 - web_server - ERROR - Error obteniendo datos en tiempo real: 'AsteriskMonitor' object has no attribute 'get_realtime_dashboard_data'
2026-02-23 19:39:33 - web_server - INFO - Iniciando servidor web VoIP Auto Dialer
2026-02-23 19:40:35 - web_server - INFO - Agente creado exitosamente: agent_37fb6058
2026-02-23 19:40:35 - web_server - INFO - Extensión asignada a agente agent_37fb6058
2026-02-23 19:47:06 - web_server - INFO - Iniciando servidor web VoIP Auto Dialer
2026-02-23 19:47:46 - web_server - INFO - Agente creado exitosamente: agent_3a06af31
2026-02-23 19:47:46 - web_server - INFO - Extensión asignada a agente agent_3a06af31
2026-02-23 19:52:48 - web_server - INFO - Iniciando servidor web VoIP Auto Dialer
2026-02-23 19:53:23 - web_server - INFO - Agente creado exitosamente: agent_b5fdc585
2026-02-23 19:53:23 - web_server - INFO - Extensión asignada a agente agent_b5fdc585
2026-02-23 19:56:39 - web_server - INFO - Iniciando servidor web VoIP Auto Dialer
2026-02-23 19:57:18 - web_server - ERROR - Error obteniendo proveedor stats: 
2026-02-23 19:57:23 - web_server - ERROR - Error obteniendo proveedor stats: 
2026-02-23 19:57:39 - web_server - INFO - Agente eliminado: agent_a8704e3a
2026-02-23 19:57:41 - web_server - INFO - Agente eliminado: agent_281f9770
2026-02-23 19:57:43 - web_server - INFO - Agente eliminado: agent_aadc436a
2026-02-23 19:57:45 - web_server - INFO - Agente eliminado: agent_7f8f36ef
2026-02-23 19:57:47 - web_server - INFO - Agente eliminado: agent_f0957d03
2026-02-23 19:57:49 - web_server - INFO - Agente eliminado: agent_99f5b9e2
2026-02-23 19:57:50 - web_server - INFO - Agente eliminado: agent_37fb6058
2026-02-23 19:57:52 - web_server - INFO - Agente eliminado: agent_3a06af31
2026-02-23 19:57:54 - web_server - INFO - Agente eliminado: agent_b5fdc585
2026-02-23 19:58:01 - web_server - ERROR - Error obteniendo proveedor stats: 
2026-02-23 20:02:49 - web_server - INFO - Iniciando servidor web VoIP Auto Dialer
2026-02-23 20:03:07 - web_server - ERROR - Error obteniendo proveedor stats: 
2026-02-24 10:32:24 - web_server - INFO - Iniciando servidor web VoIP Auto Dialer
2026-02-24 10:53:51 - web_server - INFO - Iniciando servidor web VoIP Auto Dialer
2026-02-24 10:58:33 - web_server - INFO - Iniciando servidor web VoIP Auto Dialer
2026-02-24 11:01:30 - web_server - INFO - Iniciando servidor web VoIP Auto Dialer
2026-02-24 11:01:52 - web_server - INFO - Agente creado exitosamente: agent_5596c98e
2026-02-24 11:01:52 - web_server - INFO - Extensión asignada a agente agent_5596c98e
2026-02-24 11:09:36 - web_server - INFO - Iniciando servidor web VoIP Auto Dialer
2026-02-24 11:16:54 - web_server - INFO - Iniciando servidor web VoIP Auto Dialer
2026-02-24 12:33:32 - web_server - INFO - Iniciando servidor web VoIP Auto Dialer
2026-02-24 13:48:23 - web_server - ERROR - Error creando proveedor: ProviderManager.create_provider() got an unexpected keyword argument 'provider_type'
2026-02-24 13:52:01 - web_server - ERROR - Error creando proveedor: ProviderManager.create_provider() got an unexpected keyword argument 'provider_type'
2026-02-24 13:52:48 - web_server - ERROR - Error creando proveedor: ProviderManager.create_provider() got an unexpected keyword argument 'provider_type'
2026-02-24 13:53:20 - web_server - ERROR - Error creando proveedor: ProviderManager.create_provider() got an unexpected keyword argument 'provider_type'
2026-02-24 13:53:51 - web_server - ERROR - Error creando proveedor: ProviderManager.create_provider() got an unexpected keyword argument 'provider_type'
2026-02-24 13:54:04 - web_server - INFO - Iniciando servidor web VoIP Auto Dialer
2026-02-24 14:06:41 - web_server - INFO - Iniciando servidor web VoIP Auto Dialer
2026-02-24 14:07:17 - web_server - ERROR - Error creando proveedor: ProviderManager.create_provider() got an unexpected keyword argument 'type'
